{"date":"Sat May 17 2025 08:39:08 GMT+0700 (Indochina Time)","error":{"diagnosticCodes":[1123]},"exception":true,"level":"error","message":"uncaughtException: ⨯ Unable to compile TypeScript:\n\u001b[96msrc/controllers/fine-controller.ts\u001b[0m:\u001b[93m44\u001b[0m:\u001b[93m12\u001b[0m - \u001b[91merror\u001b[0m\u001b[90m TS1123: \u001b[0mVariable declaration list cannot be empty.\r\n\r\n\u001b[7m44\u001b[0m       const\r\n\u001b[7m  \u001b[0m \u001b[91m           \u001b[0m\r\n\nTSError: ⨯ Unable to compile TypeScript:\n\u001b[96msrc/controllers/fine-controller.ts\u001b[0m:\u001b[93m44\u001b[0m:\u001b[93m12\u001b[0m - \u001b[91merror\u001b[0m\u001b[90m TS1123: \u001b[0mVariable declaration list cannot be empty.\r\n\r\n\u001b[7m44\u001b[0m       const\r\n\u001b[7m  \u001b[0m \u001b[91m           \u001b[0m\r\n\n    at createTSError (C:\\Users\\DELL\\OneDrive\\Máy tính\\project 6\\library-management-be\\node_modules\\ts-node\\src\\index.ts:859:12)\n    at reportTSError (C:\\Users\\DELL\\OneDrive\\Máy tính\\project 6\\library-management-be\\node_modules\\ts-node\\src\\index.ts:863:19)\n    at getOutput (C:\\Users\\DELL\\OneDrive\\Máy tính\\project 6\\library-management-be\\node_modules\\ts-node\\src\\index.ts:1077:36)\n    at Object.compile (C:\\Users\\DELL\\OneDrive\\Máy tính\\project 6\\library-management-be\\node_modules\\ts-node\\src\\index.ts:1433:41)\n    at Module.m._compile (C:\\Users\\DELL\\OneDrive\\Máy tính\\project 6\\library-management-be\\node_modules\\ts-node\\src\\index.ts:1617:30)\n    at node:internal/modules/cjs/loader:1708:10\n    at Object.require.extensions.<computed> [as .ts] (C:\\Users\\DELL\\OneDrive\\Máy tính\\project 6\\library-management-be\\node_modules\\ts-node\\src\\index.ts:1621:12)\n    at Module.load (node:internal/modules/cjs/loader:1318:32)\n    at Function._load (node:internal/modules/cjs/loader:1128:12)\n    at TracingChannel.traceSync (node:diagnostics_channel:322:14)","os":{"loadavg":[0,0,0],"uptime":199516.156},"process":{"argv":["C:\\Users\\DELL\\OneDrive\\Máy tính\\project 6\\library-management-be\\node_modules\\ts-node\\dist\\bin.js","C:\\Users\\DELL\\OneDrive\\Máy tính\\project 6\\library-management-be\\src\\index.ts"],"cwd":"C:\\Users\\DELL\\OneDrive\\Máy tính\\project 6\\library-management-be","execPath":"C:\\Program Files\\nodejs\\node.exe","gid":null,"memoryUsage":{"arrayBuffers":23137387,"external":26322947,"heapTotal":364322816,"heapUsed":331526664,"rss":417718272},"pid":12804,"uid":null,"version":"v22.12.0"},"stack":"TSError: ⨯ Unable to compile TypeScript:\n\u001b[96msrc/controllers/fine-controller.ts\u001b[0m:\u001b[93m44\u001b[0m:\u001b[93m12\u001b[0m - \u001b[91merror\u001b[0m\u001b[90m TS1123: \u001b[0mVariable declaration list cannot be empty.\r\n\r\n\u001b[7m44\u001b[0m       const\r\n\u001b[7m  \u001b[0m \u001b[91m           \u001b[0m\r\n\n    at createTSError (C:\\Users\\DELL\\OneDrive\\Máy tính\\project 6\\library-management-be\\node_modules\\ts-node\\src\\index.ts:859:12)\n    at reportTSError (C:\\Users\\DELL\\OneDrive\\Máy tính\\project 6\\library-management-be\\node_modules\\ts-node\\src\\index.ts:863:19)\n    at getOutput (C:\\Users\\DELL\\OneDrive\\Máy tính\\project 6\\library-management-be\\node_modules\\ts-node\\src\\index.ts:1077:36)\n    at Object.compile (C:\\Users\\DELL\\OneDrive\\Máy tính\\project 6\\library-management-be\\node_modules\\ts-node\\src\\index.ts:1433:41)\n    at Module.m._compile (C:\\Users\\DELL\\OneDrive\\Máy tính\\project 6\\library-management-be\\node_modules\\ts-node\\src\\index.ts:1617:30)\n    at node:internal/modules/cjs/loader:1708:10\n    at Object.require.extensions.<computed> [as .ts] (C:\\Users\\DELL\\OneDrive\\Máy tính\\project 6\\library-management-be\\node_modules\\ts-node\\src\\index.ts:1621:12)\n    at Module.load (node:internal/modules/cjs/loader:1318:32)\n    at Function._load (node:internal/modules/cjs/loader:1128:12)\n    at TracingChannel.traceSync (node:diagnostics_channel:322:14)","trace":[{"column":12,"file":"C:\\Users\\DELL\\OneDrive\\Máy tính\\project 6\\library-management-be\\node_modules\\ts-node\\src\\index.ts","function":"createTSError","line":859,"method":null,"native":false},{"column":19,"file":"C:\\Users\\DELL\\OneDrive\\Máy tính\\project 6\\library-management-be\\node_modules\\ts-node\\src\\index.ts","function":"reportTSError","line":863,"method":null,"native":false},{"column":36,"file":"C:\\Users\\DELL\\OneDrive\\Máy tính\\project 6\\library-management-be\\node_modules\\ts-node\\src\\index.ts","function":"getOutput","line":1077,"method":null,"native":false},{"column":41,"file":"C:\\Users\\DELL\\OneDrive\\Máy tính\\project 6\\library-management-be\\node_modules\\ts-node\\src\\index.ts","function":"Object.compile","line":1433,"method":"compile","native":false},{"column":30,"file":"C:\\Users\\DELL\\OneDrive\\Máy tính\\project 6\\library-management-be\\node_modules\\ts-node\\src\\index.ts","function":"Module.m._compile","line":1617,"method":"_compile","native":false},{"column":10,"file":"node:internal/modules/cjs/loader","function":null,"line":1708,"method":null,"native":false},{"column":12,"file":"C:\\Users\\DELL\\OneDrive\\Máy tính\\project 6\\library-management-be\\node_modules\\ts-node\\src\\index.ts","function":"Object.require.extensions.<computed> [as .ts]","line":1621,"method":"ts]","native":false},{"column":32,"file":"node:internal/modules/cjs/loader","function":"Module.load","line":1318,"method":"load","native":false},{"column":12,"file":"node:internal/modules/cjs/loader","function":"Function._load","line":1128,"method":"_load","native":false},{"column":14,"file":"node:diagnostics_channel","function":"TracingChannel.traceSync","line":322,"method":"traceSync","native":false}]}
{"date":"Sat May 17 2025 08:39:26 GMT+0700 (Indochina Time)","error":{"diagnosticCodes":[1109]},"exception":true,"level":"error","message":"uncaughtException: ⨯ Unable to compile TypeScript:\n\u001b[96msrc/controllers/fine-controller.ts\u001b[0m:\u001b[93m44\u001b[0m:\u001b[93m27\u001b[0m - \u001b[91merror\u001b[0m\u001b[90m TS1109: \u001b[0mExpression expected.\r\n\r\n\u001b[7m44\u001b[0m       const collectorId = ;\r\n\u001b[7m  \u001b[0m \u001b[91m                          ~\u001b[0m\r\n\nTSError: ⨯ Unable to compile TypeScript:\n\u001b[96msrc/controllers/fine-controller.ts\u001b[0m:\u001b[93m44\u001b[0m:\u001b[93m27\u001b[0m - \u001b[91merror\u001b[0m\u001b[90m TS1109: \u001b[0mExpression expected.\r\n\r\n\u001b[7m44\u001b[0m       const collectorId = ;\r\n\u001b[7m  \u001b[0m \u001b[91m                          ~\u001b[0m\r\n\n    at createTSError (C:\\Users\\DELL\\OneDrive\\Máy tính\\project 6\\library-management-be\\node_modules\\ts-node\\src\\index.ts:859:12)\n    at reportTSError (C:\\Users\\DELL\\OneDrive\\Máy tính\\project 6\\library-management-be\\node_modules\\ts-node\\src\\index.ts:863:19)\n    at getOutput (C:\\Users\\DELL\\OneDrive\\Máy tính\\project 6\\library-management-be\\node_modules\\ts-node\\src\\index.ts:1077:36)\n    at Object.compile (C:\\Users\\DELL\\OneDrive\\Máy tính\\project 6\\library-management-be\\node_modules\\ts-node\\src\\index.ts:1433:41)\n    at Module.m._compile (C:\\Users\\DELL\\OneDrive\\Máy tính\\project 6\\library-management-be\\node_modules\\ts-node\\src\\index.ts:1617:30)\n    at node:internal/modules/cjs/loader:1708:10\n    at Object.require.extensions.<computed> [as .ts] (C:\\Users\\DELL\\OneDrive\\Máy tính\\project 6\\library-management-be\\node_modules\\ts-node\\src\\index.ts:1621:12)\n    at Module.load (node:internal/modules/cjs/loader:1318:32)\n    at Function._load (node:internal/modules/cjs/loader:1128:12)\n    at TracingChannel.traceSync (node:diagnostics_channel:322:14)","os":{"loadavg":[0,0,0],"uptime":199533.968},"process":{"argv":["C:\\Users\\DELL\\OneDrive\\Máy tính\\project 6\\library-management-be\\node_modules\\ts-node\\dist\\bin.js","C:\\Users\\DELL\\OneDrive\\Máy tính\\project 6\\library-management-be\\src\\index.ts"],"cwd":"C:\\Users\\DELL\\OneDrive\\Máy tính\\project 6\\library-management-be","execPath":"C:\\Program Files\\nodejs\\node.exe","gid":null,"memoryUsage":{"arrayBuffers":23129315,"external":26314875,"heapTotal":364847104,"heapUsed":331010840,"rss":416309248},"pid":9228,"uid":null,"version":"v22.12.0"},"stack":"TSError: ⨯ Unable to compile TypeScript:\n\u001b[96msrc/controllers/fine-controller.ts\u001b[0m:\u001b[93m44\u001b[0m:\u001b[93m27\u001b[0m - \u001b[91merror\u001b[0m\u001b[90m TS1109: \u001b[0mExpression expected.\r\n\r\n\u001b[7m44\u001b[0m       const collectorId = ;\r\n\u001b[7m  \u001b[0m \u001b[91m                          ~\u001b[0m\r\n\n    at createTSError (C:\\Users\\DELL\\OneDrive\\Máy tính\\project 6\\library-management-be\\node_modules\\ts-node\\src\\index.ts:859:12)\n    at reportTSError (C:\\Users\\DELL\\OneDrive\\Máy tính\\project 6\\library-management-be\\node_modules\\ts-node\\src\\index.ts:863:19)\n    at getOutput (C:\\Users\\DELL\\OneDrive\\Máy tính\\project 6\\library-management-be\\node_modules\\ts-node\\src\\index.ts:1077:36)\n    at Object.compile (C:\\Users\\DELL\\OneDrive\\Máy tính\\project 6\\library-management-be\\node_modules\\ts-node\\src\\index.ts:1433:41)\n    at Module.m._compile (C:\\Users\\DELL\\OneDrive\\Máy tính\\project 6\\library-management-be\\node_modules\\ts-node\\src\\index.ts:1617:30)\n    at node:internal/modules/cjs/loader:1708:10\n    at Object.require.extensions.<computed> [as .ts] (C:\\Users\\DELL\\OneDrive\\Máy tính\\project 6\\library-management-be\\node_modules\\ts-node\\src\\index.ts:1621:12)\n    at Module.load (node:internal/modules/cjs/loader:1318:32)\n    at Function._load (node:internal/modules/cjs/loader:1128:12)\n    at TracingChannel.traceSync (node:diagnostics_channel:322:14)","trace":[{"column":12,"file":"C:\\Users\\DELL\\OneDrive\\Máy tính\\project 6\\library-management-be\\node_modules\\ts-node\\src\\index.ts","function":"createTSError","line":859,"method":null,"native":false},{"column":19,"file":"C:\\Users\\DELL\\OneDrive\\Máy tính\\project 6\\library-management-be\\node_modules\\ts-node\\src\\index.ts","function":"reportTSError","line":863,"method":null,"native":false},{"column":36,"file":"C:\\Users\\DELL\\OneDrive\\Máy tính\\project 6\\library-management-be\\node_modules\\ts-node\\src\\index.ts","function":"getOutput","line":1077,"method":null,"native":false},{"column":41,"file":"C:\\Users\\DELL\\OneDrive\\Máy tính\\project 6\\library-management-be\\node_modules\\ts-node\\src\\index.ts","function":"Object.compile","line":1433,"method":"compile","native":false},{"column":30,"file":"C:\\Users\\DELL\\OneDrive\\Máy tính\\project 6\\library-management-be\\node_modules\\ts-node\\src\\index.ts","function":"Module.m._compile","line":1617,"method":"_compile","native":false},{"column":10,"file":"node:internal/modules/cjs/loader","function":null,"line":1708,"method":null,"native":false},{"column":12,"file":"C:\\Users\\DELL\\OneDrive\\Máy tính\\project 6\\library-management-be\\node_modules\\ts-node\\src\\index.ts","function":"Object.require.extensions.<computed> [as .ts]","line":1621,"method":"ts]","native":false},{"column":32,"file":"node:internal/modules/cjs/loader","function":"Module.load","line":1318,"method":"load","native":false},{"column":12,"file":"node:internal/modules/cjs/loader","function":"Function._load","line":1128,"method":"_load","native":false},{"column":14,"file":"node:diagnostics_channel","function":"TracingChannel.traceSync","line":322,"method":"traceSync","native":false}]}
{"date":"Sat May 17 2025 08:40:21 GMT+0700 (Indochina Time)","error":{"diagnosticCodes":[2349]},"exception":true,"level":"error","message":"uncaughtException: ⨯ Unable to compile TypeScript:\n\u001b[96msrc/models/fine.model.ts\u001b[0m:\u001b[93m23\u001b[0m:\u001b[93m8\u001b[0m - \u001b[91merror\u001b[0m\u001b[90m TS2349: \u001b[0mThis expression is not callable.\r\n  Each member of the union type '{ (path: string | string[], select?: any, model?: string | Model<any, {}, {}, {}, any, any> | undefined, match?: any): Query<any, any, {}, unknown, \"find\", Record<string, never>>; (options: PopulateOptions | (string | PopulateOptions)[]): Query<...>; <Paths>(path: string | string[], select?: any, model?: string | .....' has signatures, but none of those signatures are compatible with each other.\r\n\r\n\u001b[7m23\u001b[0m   this.populate('borrowRecord').populate('collectedBy');\r\n\u001b[7m  \u001b[0m \u001b[91m       ~~~~~~~~\u001b[0m\r\n\nTSError: ⨯ Unable to compile TypeScript:\n\u001b[96msrc/models/fine.model.ts\u001b[0m:\u001b[93m23\u001b[0m:\u001b[93m8\u001b[0m - \u001b[91merror\u001b[0m\u001b[90m TS2349: \u001b[0mThis expression is not callable.\r\n  Each member of the union type '{ (path: string | string[], select?: any, model?: string | Model<any, {}, {}, {}, any, any> | undefined, match?: any): Query<any, any, {}, unknown, \"find\", Record<string, never>>; (options: PopulateOptions | (string | PopulateOptions)[]): Query<...>; <Paths>(path: string | string[], select?: any, model?: string | .....' has signatures, but none of those signatures are compatible with each other.\r\n\r\n\u001b[7m23\u001b[0m   this.populate('borrowRecord').populate('collectedBy');\r\n\u001b[7m  \u001b[0m \u001b[91m       ~~~~~~~~\u001b[0m\r\n\n    at createTSError (C:\\Users\\DELL\\OneDrive\\Máy tính\\project 6\\library-management-be\\node_modules\\ts-node\\src\\index.ts:859:12)\n    at reportTSError (C:\\Users\\DELL\\OneDrive\\Máy tính\\project 6\\library-management-be\\node_modules\\ts-node\\src\\index.ts:863:19)\n    at getOutput (C:\\Users\\DELL\\OneDrive\\Máy tính\\project 6\\library-management-be\\node_modules\\ts-node\\src\\index.ts:1077:36)\n    at Object.compile (C:\\Users\\DELL\\OneDrive\\Máy tính\\project 6\\library-management-be\\node_modules\\ts-node\\src\\index.ts:1433:41)\n    at Module.m._compile (C:\\Users\\DELL\\OneDrive\\Máy tính\\project 6\\library-management-be\\node_modules\\ts-node\\src\\index.ts:1617:30)\n    at node:internal/modules/cjs/loader:1708:10\n    at Object.require.extensions.<computed> [as .ts] (C:\\Users\\DELL\\OneDrive\\Máy tính\\project 6\\library-management-be\\node_modules\\ts-node\\src\\index.ts:1621:12)\n    at Module.load (node:internal/modules/cjs/loader:1318:32)\n    at Function._load (node:internal/modules/cjs/loader:1128:12)\n    at TracingChannel.traceSync (node:diagnostics_channel:322:14)","os":{"loadavg":[0,0,0],"uptime":199588.734},"process":{"argv":["C:\\Users\\DELL\\OneDrive\\Máy tính\\project 6\\library-management-be\\node_modules\\ts-node\\dist\\bin.js","C:\\Users\\DELL\\OneDrive\\Máy tính\\project 6\\library-management-be\\src\\index.ts"],"cwd":"C:\\Users\\DELL\\OneDrive\\Máy tính\\project 6\\library-management-be","execPath":"C:\\Program Files\\nodejs\\node.exe","gid":null,"memoryUsage":{"arrayBuffers":23153763,"external":26311339,"heapTotal":368435200,"heapUsed":336632272,"rss":423469056},"pid":12152,"uid":null,"version":"v22.12.0"},"stack":"TSError: ⨯ Unable to compile TypeScript:\n\u001b[96msrc/models/fine.model.ts\u001b[0m:\u001b[93m23\u001b[0m:\u001b[93m8\u001b[0m - \u001b[91merror\u001b[0m\u001b[90m TS2349: \u001b[0mThis expression is not callable.\r\n  Each member of the union type '{ (path: string | string[], select?: any, model?: string | Model<any, {}, {}, {}, any, any> | undefined, match?: any): Query<any, any, {}, unknown, \"find\", Record<string, never>>; (options: PopulateOptions | (string | PopulateOptions)[]): Query<...>; <Paths>(path: string | string[], select?: any, model?: string | .....' has signatures, but none of those signatures are compatible with each other.\r\n\r\n\u001b[7m23\u001b[0m   this.populate('borrowRecord').populate('collectedBy');\r\n\u001b[7m  \u001b[0m \u001b[91m       ~~~~~~~~\u001b[0m\r\n\n    at createTSError (C:\\Users\\DELL\\OneDrive\\Máy tính\\project 6\\library-management-be\\node_modules\\ts-node\\src\\index.ts:859:12)\n    at reportTSError (C:\\Users\\DELL\\OneDrive\\Máy tính\\project 6\\library-management-be\\node_modules\\ts-node\\src\\index.ts:863:19)\n    at getOutput (C:\\Users\\DELL\\OneDrive\\Máy tính\\project 6\\library-management-be\\node_modules\\ts-node\\src\\index.ts:1077:36)\n    at Object.compile (C:\\Users\\DELL\\OneDrive\\Máy tính\\project 6\\library-management-be\\node_modules\\ts-node\\src\\index.ts:1433:41)\n    at Module.m._compile (C:\\Users\\DELL\\OneDrive\\Máy tính\\project 6\\library-management-be\\node_modules\\ts-node\\src\\index.ts:1617:30)\n    at node:internal/modules/cjs/loader:1708:10\n    at Object.require.extensions.<computed> [as .ts] (C:\\Users\\DELL\\OneDrive\\Máy tính\\project 6\\library-management-be\\node_modules\\ts-node\\src\\index.ts:1621:12)\n    at Module.load (node:internal/modules/cjs/loader:1318:32)\n    at Function._load (node:internal/modules/cjs/loader:1128:12)\n    at TracingChannel.traceSync (node:diagnostics_channel:322:14)","trace":[{"column":12,"file":"C:\\Users\\DELL\\OneDrive\\Máy tính\\project 6\\library-management-be\\node_modules\\ts-node\\src\\index.ts","function":"createTSError","line":859,"method":null,"native":false},{"column":19,"file":"C:\\Users\\DELL\\OneDrive\\Máy tính\\project 6\\library-management-be\\node_modules\\ts-node\\src\\index.ts","function":"reportTSError","line":863,"method":null,"native":false},{"column":36,"file":"C:\\Users\\DELL\\OneDrive\\Máy tính\\project 6\\library-management-be\\node_modules\\ts-node\\src\\index.ts","function":"getOutput","line":1077,"method":null,"native":false},{"column":41,"file":"C:\\Users\\DELL\\OneDrive\\Máy tính\\project 6\\library-management-be\\node_modules\\ts-node\\src\\index.ts","function":"Object.compile","line":1433,"method":"compile","native":false},{"column":30,"file":"C:\\Users\\DELL\\OneDrive\\Máy tính\\project 6\\library-management-be\\node_modules\\ts-node\\src\\index.ts","function":"Module.m._compile","line":1617,"method":"_compile","native":false},{"column":10,"file":"node:internal/modules/cjs/loader","function":null,"line":1708,"method":null,"native":false},{"column":12,"file":"C:\\Users\\DELL\\OneDrive\\Máy tính\\project 6\\library-management-be\\node_modules\\ts-node\\src\\index.ts","function":"Object.require.extensions.<computed> [as .ts]","line":1621,"method":"ts]","native":false},{"column":32,"file":"node:internal/modules/cjs/loader","function":"Module.load","line":1318,"method":"load","native":false},{"column":12,"file":"node:internal/modules/cjs/loader","function":"Function._load","line":1128,"method":"_load","native":false},{"column":14,"file":"node:diagnostics_channel","function":"TracingChannel.traceSync","line":322,"method":"traceSync","native":false}]}
