{"C:\\Users\\DELL\\OneDrive\\Máy tính\\test case\\library-management-be\\src\\config\\cloudinary.ts": {"path":"C:\\Users\\DELL\\OneDrive\\Máy tính\\test case\\library-management-be\\src\\config\\cloudinary.ts","statementMap":{"0":{"start":{"line":1,"column":0},"end":{"line":1,"column":46}},"1":{"start":{"line":2,"column":0},"end":{"line":2,"column":34}},"2":{"start":{"line":4,"column":0},"end":{"line":8,"column":3}},"3":{"start":{"line":10,"column":0},"end":{"line":10,"column":26}}},"fnMap":{},"branchMap":{},"s":{"0":0,"1":0,"2":0,"3":0},"f":{},"b":{}}
,"C:\\Users\\DELL\\OneDrive\\Máy tính\\test case\\library-management-be\\src\\config\\config.ts": {"path":"C:\\Users\\DELL\\OneDrive\\Máy tính\\test case\\library-management-be\\src\\config\\config.ts","statementMap":{"0":{"start":{"line":1,"column":0},"end":{"line":1,"column":28}},"1":{"start":{"line":3,"column":0},"end":{"line":3,"column":16}},"2":{"start":{"line":5,"column":0},"end":{"line":9,"column":1}},"3":{"start":{"line":6,"column":2},"end":{"line":8,"column":5}},"4":{"start":{"line":11,"column":13},"end":{"line":11,"column":37}},"5":{"start":{"line":12,"column":13},"end":{"line":34,"column":2}}},"fnMap":{},"branchMap":{"0":{"loc":{"start":{"line":5,"column":0},"end":{"line":9,"column":1}},"type":"if","locations":[{"start":{"line":5,"column":0},"end":{"line":9,"column":1}}]},"1":{"loc":{"start":{"line":5,"column":4},"end":{"line":5,"column":66}},"type":"binary-expr","locations":[{"start":{"line":5,"column":4},"end":{"line":5,"column":24}},{"start":{"line":5,"column":28},"end":{"line":5,"column":66}}]},"2":{"loc":{"start":{"line":11,"column":13},"end":{"line":11,"column":37}},"type":"binary-expr","locations":[{"start":{"line":11,"column":13},"end":{"line":11,"column":29}},{"start":{"line":11,"column":33},"end":{"line":11,"column":37}}]},"3":{"loc":{"start":{"line":15,"column":13},"end":{"line":15,"column":55}},"type":"binary-expr","locations":[{"start":{"line":15,"column":13},"end":{"line":15,"column":35}},{"start":{"line":15,"column":39},"end":{"line":15,"column":55}}]},"4":{"loc":{"start":{"line":16,"column":17},"end":{"line":16,"column":62}},"type":"binary-expr","locations":[{"start":{"line":16,"column":17},"end":{"line":16,"column":43}},{"start":{"line":16,"column":47},"end":{"line":16,"column":62}}]},"5":{"loc":{"start":{"line":17,"column":14},"end":{"line":17,"column":46}},"type":"binary-expr","locations":[{"start":{"line":17,"column":14},"end":{"line":17,"column":36}},{"start":{"line":17,"column":40},"end":{"line":17,"column":46}}]},"6":{"loc":{"start":{"line":18,"column":15},"end":{"line":18,"column":47}},"type":"binary-expr","locations":[{"start":{"line":18,"column":15},"end":{"line":18,"column":38}},{"start":{"line":18,"column":42},"end":{"line":18,"column":47}}]},"7":{"loc":{"start":{"line":23,"column":11},"end":{"line":23,"column":55}},"type":"binary-expr","locations":[{"start":{"line":23,"column":11},"end":{"line":23,"column":34}},{"start":{"line":23,"column":38},"end":{"line":23,"column":55}}]},"8":{"loc":{"start":{"line":24,"column":14},"end":{"line":24,"column":54}},"type":"binary-expr","locations":[{"start":{"line":24,"column":14},"end":{"line":24,"column":40}},{"start":{"line":24,"column":44},"end":{"line":24,"column":54}}]},"9":{"loc":{"start":{"line":32,"column":13},"end":{"line":32,"column":67}},"type":"binary-expr","locations":[{"start":{"line":32,"column":13},"end":{"line":32,"column":34}},{"start":{"line":32,"column":38},"end":{"line":32,"column":67}}]},"10":{"loc":{"start":{"line":33,"column":13},"end":{"line":33,"column":75}},"type":"binary-expr","locations":[{"start":{"line":33,"column":13},"end":{"line":33,"column":34}},{"start":{"line":33,"column":38},"end":{"line":33,"column":75}}]}},"s":{"0":2,"1":2,"2":2,"3":2,"4":2,"5":2},"f":{},"b":{"0":[2],"1":[2,2],"2":[2,2],"3":[2,2],"4":[2,2],"5":[2,2],"6":[2,2],"7":[2,2],"8":[2,2],"9":[2,2],"10":[2,2]}}
,"C:\\Users\\DELL\\OneDrive\\Máy tính\\test case\\library-management-be\\src\\config\\db.ts": {"path":"C:\\Users\\DELL\\OneDrive\\Máy tính\\test case\\library-management-be\\src\\config\\db.ts","statementMap":{"0":{"start":{"line":1,"column":0},"end":{"line":1,"column":32}},"1":{"start":{"line":2,"column":0},"end":{"line":2,"column":30}},"2":{"start":{"line":3,"column":0},"end":{"line":3,"column":55}},"3":{"start":{"line":4,"column":0},"end":{"line":4,"column":55}},"4":{"start":{"line":5,"column":0},"end":{"line":5,"column":34}},"5":{"start":{"line":7,"column":21},"end":{"line":25,"column":2}},"6":{"start":{"line":7,"column":47},"end":{"line":25,"column":2}},"7":{"start":{"line":8,"column":2},"end":{"line":24,"column":3}},"8":{"start":{"line":9,"column":4},"end":{"line":15,"column":6}},"9":{"start":{"line":17,"column":4},"end":{"line":17,"column":51}},"10":{"start":{"line":19,"column":4},"end":{"line":19,"column":47}},"11":{"start":{"line":20,"column":4},"end":{"line":20,"column":44}},"12":{"start":{"line":22,"column":4},"end":{"line":22,"column":73}},"13":{"start":{"line":23,"column":4},"end":{"line":23,"column":20}},"14":{"start":{"line":27,"column":0},"end":{"line":27,"column":28}}},"fnMap":{"0":{"name":"(anonymous_8)","decl":{"start":{"line":7,"column":21},"end":{"line":7,"column":45}},"loc":{"start":{"line":7,"column":47},"end":{"line":25,"column":2}}},"1":{"name":"(anonymous_9)","decl":{"start":{"line":7,"column":47},"end":{"line":7,"column":null}},"loc":{"start":{"line":7,"column":47},"end":{"line":25,"column":1}}}},"branchMap":{},"s":{"0":0,"1":0,"2":0,"3":0,"4":0,"5":0,"6":0,"7":0,"8":0,"9":0,"10":0,"11":0,"12":0,"13":0,"14":0},"f":{"0":0,"1":0},"b":{}}
,"C:\\Users\\DELL\\OneDrive\\Máy tính\\test case\\library-management-be\\src\\config\\error.ts": {"path":"C:\\Users\\DELL\\OneDrive\\Máy tính\\test case\\library-management-be\\src\\config\\error.ts","statementMap":{"0":{"start":{"line":2,"column":0},"end":{"line":2,"column":45}},"1":{"start":{"line":12,"column":4},"end":{"line":12,"column":23}},"2":{"start":{"line":5,"column":10},"end":{"line":5,"column":35}},"3":{"start":{"line":8,"column":10},"end":{"line":8,"column":44}},"4":{"start":{"line":16,"column":21},"end":{"line":16,"column":38}},"5":{"start":{"line":17,"column":4},"end":{"line":17,"column":37}},"6":{"start":{"line":18,"column":4},"end":{"line":18,"column":20}},"7":{"start":{"line":22,"column":4},"end":{"line":24,"column":5}},"8":{"start":{"line":23,"column":6},"end":{"line":23,"column":97}},"9":{"start":{"line":26,"column":4},"end":{"line":26,"column":16}},"10":{"start":{"line":30,"column":21},"end":{"line":30,"column":57}},"11":{"start":{"line":31,"column":4},"end":{"line":31,"column":35}},"12":{"start":{"line":32,"column":4},"end":{"line":32,"column":20}},"13":{"start":{"line":36,"column":4},"end":{"line":36,"column":30}},"14":{"start":{"line":37,"column":4},"end":{"line":37,"column":16}},"15":{"start":{"line":41,"column":4},"end":{"line":41,"column":33}},"16":{"start":{"line":42,"column":4},"end":{"line":42,"column":16}},"17":{"start":{"line":46,"column":4},"end":{"line":46,"column":27}},"18":{"start":{"line":47,"column":4},"end":{"line":47,"column":16}},"19":{"start":{"line":51,"column":22},"end":{"line":51,"column":41}},"20":{"start":{"line":53,"column":4},"end":{"line":65,"column":10}},"21":{"start":{"line":69,"column":4},"end":{"line":69,"column":27}},"22":{"start":{"line":4,"column":0},"end":{"line":4,"column":13}},"23":{"start":{"line":73,"column":13},"end":{"line":73,"column":112}},"24":{"start":{"line":74,"column":13},"end":{"line":74,"column":82}},"25":{"start":{"line":75,"column":13},"end":{"line":75,"column":77}},"26":{"start":{"line":76,"column":13},"end":{"line":76,"column":71}},"27":{"start":{"line":77,"column":13},"end":{"line":77,"column":70}},"28":{"start":{"line":78,"column":13},"end":{"line":78,"column":87}},"29":{"start":{"line":79,"column":13},"end":{"line":79,"column":81}},"30":{"start":{"line":82,"column":27},"end":{"line":110,"column":1}},"31":{"start":{"line":83,"column":23},"end":{"line":83,"column":60}},"32":{"start":{"line":84,"column":2},"end":{"line":84,"column":44}},"33":{"start":{"line":86,"column":2},"end":{"line":89,"column":3}},"34":{"start":{"line":87,"column":4},"end":{"line":87,"column":67}},"35":{"start":{"line":88,"column":4},"end":{"line":88,"column":11}},"36":{"start":{"line":92,"column":2},"end":{"line":105,"column":3}},"37":{"start":{"line":93,"column":19},"end":{"line":93,"column":36}},"38":{"start":{"line":95,"column":4},"end":{"line":101,"column":5}},"39":{"start":{"line":96,"column":6},"end":{"line":100,"column":9}},"40":{"start":{"line":97,"column":21},"end":{"line":97,"column":42}},"41":{"start":{"line":98,"column":24},"end":{"line":98,"column":38}},"42":{"start":{"line":99,"column":8},"end":{"line":99,"column":57}},"43":{"start":{"line":103,"column":4},"end":{"line":103,"column":73}},"44":{"start":{"line":104,"column":4},"end":{"line":104,"column":11}},"45":{"start":{"line":108,"column":17},"end":{"line":108,"column":34}},"46":{"start":{"line":109,"column":2},"end":{"line":109,"column":71}},"47":{"start":{"line":82,"column":13},"end":{"line":82,"column":27}}},"fnMap":{"0":{"name":"(anonymous_0)","decl":{"start":{"line":11,"column":2},"end":{"line":11,"column":22}},"loc":{"start":{"line":11,"column":32},"end":{"line":13,"column":3}}},"1":{"name":"(anonymous_1)","decl":{"start":{"line":15,"column":2},"end":{"line":15,"column":8}},"loc":{"start":{"line":15,"column":50},"end":{"line":19,"column":3}}},"2":{"name":"(anonymous_2)","decl":{"start":{"line":21,"column":2},"end":{"line":21,"column":14}},"loc":{"start":{"line":21,"column":14},"end":{"line":27,"column":3}}},"3":{"name":"(anonymous_3)","decl":{"start":{"line":29,"column":2},"end":{"line":29,"column":6}},"loc":{"start":{"line":29,"column":23},"end":{"line":33,"column":3}}},"4":{"name":"(anonymous_4)","decl":{"start":{"line":35,"column":2},"end":{"line":35,"column":12}},"loc":{"start":{"line":35,"column":36},"end":{"line":38,"column":3}}},"5":{"name":"(anonymous_5)","decl":{"start":{"line":40,"column":2},"end":{"line":40,"column":9}},"loc":{"start":{"line":40,"column":28},"end":{"line":43,"column":3}}},"6":{"name":"(anonymous_6)","decl":{"start":{"line":45,"column":2},"end":{"line":45,"column":13}},"loc":{"start":{"line":45,"column":29},"end":{"line":48,"column":3}}},"7":{"name":"(anonymous_7)","decl":{"start":{"line":50,"column":2},"end":{"line":50,"column":8}},"loc":{"start":{"line":50,"column":38},"end":{"line":66,"column":3}}},"8":{"name":"(anonymous_8)","decl":{"start":{"line":68,"column":2},"end":{"line":68,"column":15}},"loc":{"start":{"line":68,"column":15},"end":{"line":70,"column":3}}},"9":{"name":"(anonymous_9)","decl":{"start":{"line":82,"column":27},"end":{"line":82,"column":28}},"loc":{"start":{"line":82,"column":57},"end":{"line":110,"column":1}}},"10":{"name":"(anonymous_10)","decl":{"start":{"line":96,"column":31},"end":{"line":96,"column":32}},"loc":{"start":{"line":96,"column":42},"end":{"line":100,"column":7}}}},"branchMap":{"0":{"loc":{"start":{"line":15,"column":26},"end":{"line":15,"column":50}},"type":"default-arg","locations":[{"start":{"line":15,"column":47},"end":{"line":15,"column":50}}]},"1":{"loc":{"start":{"line":22,"column":4},"end":{"line":24,"column":5}},"type":"if","locations":[{"start":{"line":22,"column":4},"end":{"line":24,"column":5}}]},"2":{"loc":{"start":{"line":23,"column":13},"end":{"line":23,"column":96}},"type":"cond-expr","locations":[{"start":{"line":23,"column":50},"end":{"line":23,"column":79}},{"start":{"line":23,"column":82},"end":{"line":23,"column":96}}]},"3":{"loc":{"start":{"line":50,"column":9},"end":{"line":50,"column":38}},"type":"default-arg","locations":[{"start":{"line":50,"column":33},"end":{"line":50,"column":38}}]},"4":{"loc":{"start":{"line":53,"column":11},"end":{"line":65,"column":10}},"type":"cond-expr","locations":[{"start":{"line":54,"column":8},"end":{"line":58,"column":null}},{"start":{"line":59,"column":8},"end":{"line":65,"column":10}}]},"5":{"loc":{"start":{"line":62,"column":21},"end":{"line":62,"column":65}},"type":"cond-expr","locations":[{"start":{"line":62,"column":33},"end":{"line":62,"column":50}},{"start":{"line":62,"column":53},"end":{"line":62,"column":65}}]},"6":{"loc":{"start":{"line":84,"column":2},"end":{"line":84,"column":43}},"type":"binary-expr","locations":[{"start":{"line":84,"column":2},"end":{"line":84,"column":15}},{"start":{"line":84,"column":19},"end":{"line":84,"column":43}}]},"7":{"loc":{"start":{"line":86,"column":2},"end":{"line":89,"column":3}},"type":"if","locations":[{"start":{"line":86,"column":2},"end":{"line":89,"column":3}}]},"8":{"loc":{"start":{"line":92,"column":2},"end":{"line":105,"column":3}},"type":"if","locations":[{"start":{"line":92,"column":2},"end":{"line":105,"column":3}}]}},"s":{"0":1,"1":8,"2":8,"3":8,"4":8,"5":8,"6":8,"7":0,"8":0,"9":0,"10":0,"11":0,"12":0,"13":2,"14":2,"15":1,"16":1,"17":2,"18":2,"19":0,"20":0,"21":0,"22":1,"23":1,"24":1,"25":1,"26":1,"27":1,"28":1,"29":1,"30":1,"31":0,"32":0,"33":0,"34":0,"35":0,"36":0,"37":0,"38":0,"39":0,"40":0,"41":0,"42":0,"43":0,"44":0,"45":0,"46":0,"47":1},"f":{"0":8,"1":8,"2":0,"3":0,"4":2,"5":1,"6":2,"7":0,"8":0,"9":0,"10":0},"b":{"0":[0],"1":[0],"2":[0,0],"3":[0],"4":[0,0],"5":[0,0],"6":[0,0],"7":[0],"8":[0]}}
,"C:\\Users\\DELL\\OneDrive\\Máy tính\\test case\\library-management-be\\src\\config\\logger.ts": {"path":"C:\\Users\\DELL\\OneDrive\\Máy tính\\test case\\library-management-be\\src\\config\\logger.ts","statementMap":{"0":{"start":{"line":1,"column":0},"end":{"line":1,"column":26}},"1":{"start":{"line":2,"column":0},"end":{"line":2,"column":86}},"2":{"start":{"line":3,"column":0},"end":{"line":3,"column":31}},"3":{"start":{"line":5,"column":19},"end":{"line":5,"column":33}},"4":{"start":{"line":6,"column":21},"end":{"line":6,"column":38}},"5":{"start":{"line":7,"column":21},"end":{"line":7,"column":37}},"6":{"start":{"line":8,"column":18},"end":{"line":8,"column":29}},"7":{"start":{"line":10,"column":22},"end":{"line":10,"column":30}},"8":{"start":{"line":11,"column":19},"end":{"line":11,"column":24}},"9":{"start":{"line":13,"column":21},"end":{"line":18,"column":2}},"10":{"start":{"line":20,"column":24},"end":{"line":22,"column":2}},"11":{"start":{"line":24,"column":27},"end":{"line":26,"column":2}},"12":{"start":{"line":25,"column":2},"end":{"line":25,"column":61}},"13":{"start":{"line":28,"column":28},"end":{"line":44,"column":2}},"14":{"start":{"line":29,"column":14},"end":{"line":29,"column":23}},"15":{"start":{"line":31,"column":2},"end":{"line":41,"column":3}},"16":{"start":{"line":33,"column":6},"end":{"line":33,"column":25}},"17":{"start":{"line":34,"column":6},"end":{"line":34,"column":12}},"18":{"start":{"line":36,"column":6},"end":{"line":36,"column":27}},"19":{"start":{"line":37,"column":6},"end":{"line":37,"column":12}},"20":{"start":{"line":39,"column":6},"end":{"line":39,"column":27}},"21":{"start":{"line":40,"column":6},"end":{"line":40,"column":12}},"22":{"start":{"line":43,"column":2},"end":{"line":43,"column":54}},"23":{"start":{"line":46,"column":19},"end":{"line":46,"column":70}},"24":{"start":{"line":48,"column":22},"end":{"line":48,"column":74}},"25":{"start":{"line":50,"column":15},"end":{"line":77,"column":2}},"26":{"start":{"line":79,"column":15},"end":{"line":84,"column":2}},"27":{"start":{"line":80,"column":42},"end":{"line":80,"column":63}},"28":{"start":{"line":81,"column":44},"end":{"line":81,"column":67}},"29":{"start":{"line":82,"column":41},"end":{"line":82,"column":61}},"30":{"start":{"line":83,"column":44},"end":{"line":83,"column":74}},"31":{"start":{"line":86,"column":0},"end":{"line":86,"column":22}}},"fnMap":{"0":{"name":"(anonymous_1)","decl":{"start":{"line":24,"column":41},"end":{"line":24,"column":42}},"loc":{"start":{"line":24,"column":49},"end":{"line":26,"column":1}}},"1":{"name":"(anonymous_2)","decl":{"start":{"line":28,"column":42},"end":{"line":28,"column":43}},"loc":{"start":{"line":28,"column":50},"end":{"line":44,"column":1}}},"2":{"name":"(anonymous_3)","decl":{"start":{"line":80,"column":9},"end":{"line":80,"column":10}},"loc":{"start":{"line":80,"column":42},"end":{"line":80,"column":63}}},"3":{"name":"(anonymous_4)","decl":{"start":{"line":81,"column":11},"end":{"line":81,"column":12}},"loc":{"start":{"line":81,"column":44},"end":{"line":81,"column":67}}},"4":{"name":"(anonymous_5)","decl":{"start":{"line":82,"column":8},"end":{"line":82,"column":9}},"loc":{"start":{"line":82,"column":41},"end":{"line":82,"column":61}}},"5":{"name":"(anonymous_6)","decl":{"start":{"line":83,"column":11},"end":{"line":83,"column":12}},"loc":{"start":{"line":83,"column":44},"end":{"line":83,"column":74}}}},"branchMap":{"0":{"loc":{"start":{"line":31,"column":2},"end":{"line":41,"column":3}},"type":"switch","locations":[{"start":{"line":32,"column":4},"end":{"line":34,"column":12}},{"start":{"line":35,"column":4},"end":{"line":37,"column":12}},{"start":{"line":38,"column":4},"end":{"line":40,"column":12}}]}},"s":{"0":0,"1":0,"2":0,"3":0,"4":0,"5":0,"6":0,"7":0,"8":0,"9":0,"10":0,"11":0,"12":0,"13":0,"14":0,"15":0,"16":0,"17":0,"18":0,"19":0,"20":0,"21":0,"22":0,"23":0,"24":0,"25":0,"26":0,"27":0,"28":0,"29":0,"30":0,"31":0},"f":{"0":0,"1":0,"2":0,"3":0,"4":0,"5":0},"b":{"0":[0,0,0]}}
,"C:\\Users\\DELL\\OneDrive\\Máy tính\\test case\\library-management-be\\src\\config\\nodemailer.ts": {"path":"C:\\Users\\DELL\\OneDrive\\Máy tính\\test case\\library-management-be\\src\\config\\nodemailer.ts","statementMap":{"0":{"start":{"line":17,"column":0},"end":{"line":17,"column":16}},"1":{"start":{"line":1,"column":0},"end":{"line":1,"column":36}},"2":{"start":{"line":2,"column":0},"end":{"line":2,"column":28}},"3":{"start":{"line":4,"column":0},"end":{"line":4,"column":14}},"4":{"start":{"line":6,"column":20},"end":{"line":15,"column":2}},"5":{"start":{"line":18,"column":2},"end":{"line":23,"column":4}},"6":{"start":{"line":26,"column":0},"end":{"line":26,"column":27}}},"fnMap":{"0":{"name":"setUpMailOptions","decl":{"start":{"line":17,"column":16},"end":{"line":17,"column":32}},"loc":{"start":{"line":17,"column":113},"end":{"line":24,"column":1}}}},"branchMap":{},"s":{"0":0,"1":0,"2":0,"3":0,"4":0,"5":0,"6":0},"f":{"0":0},"b":{}}
,"C:\\Users\\DELL\\OneDrive\\Máy tính\\test case\\library-management-be\\src\\config\\upload.ts": {"path":"C:\\Users\\DELL\\OneDrive\\Máy tính\\test case\\library-management-be\\src\\config\\upload.ts","statementMap":{"0":{"start":{"line":1,"column":0},"end":{"line":1,"column":28}},"1":{"start":{"line":2,"column":0},"end":{"line":2,"column":62}},"2":{"start":{"line":3,"column":0},"end":{"line":3,"column":46}},"3":{"start":{"line":5,"column":16},"end":{"line":12,"column":2}},"4":{"start":{"line":7,"column":30},"end":{"line":11,"column":null}},"5":{"start":{"line":7,"column":31},"end":{"line":11,"column":null}},"6":{"start":{"line":14,"column":15},"end":{"line":14,"column":34}},"7":{"start":{"line":16,"column":0},"end":{"line":16,"column":22}}},"fnMap":{"0":{"name":"(anonymous_8)","decl":{"start":{"line":7,"column":10},"end":{"line":7,"column":17}},"loc":{"start":{"line":7,"column":30},"end":{"line":11,"column":null}}},"1":{"name":"(anonymous_9)","decl":{"start":{"line":7,"column":30},"end":{"line":7,"column":31}},"loc":{"start":{"line":7,"column":30},"end":{"line":11,"column":null}}}},"branchMap":{},"s":{"0":0,"1":0,"2":0,"3":0,"4":0,"5":0,"6":0,"7":0},"f":{"0":0,"1":0},"b":{}}
,"C:\\Users\\DELL\\OneDrive\\Máy tính\\test case\\library-management-be\\src\\controllers\\auth-controller.ts": {"path":"C:\\Users\\DELL\\OneDrive\\Máy tính\\test case\\library-management-be\\src\\controllers\\auth-controller.ts","statementMap":{"0":{"start":{"line":1,"column":0},"end":{"line":1,"column":30}},"1":{"start":{"line":2,"column":0},"end":{"line":2,"column":31}},"2":{"start":{"line":4,"column":0},"end":{"line":4,"column":40}},"3":{"start":{"line":5,"column":0},"end":{"line":5,"column":40}},"4":{"start":{"line":6,"column":0},"end":{"line":6,"column":59}},"5":{"start":{"line":15,"column":0},"end":{"line":15,"column":111}},"6":{"start":{"line":16,"column":0},"end":{"line":16,"column":64}},"7":{"start":{"line":17,"column":0},"end":{"line":17,"column":42}},"8":{"start":{"line":21,"column":32},"end":{"line":21,"column":40}},"9":{"start":{"line":22,"column":4},"end":{"line":51,"column":5}},"10":{"start":{"line":23,"column":27},"end":{"line":23,"column":90}},"11":{"start":{"line":25,"column":6},"end":{"line":27,"column":7}},"12":{"start":{"line":26,"column":8},"end":{"line":26,"column":120}},"13":{"start":{"line":29,"column":32},"end":{"line":29,"column":85}},"14":{"start":{"line":30,"column":6},"end":{"line":34,"column":7}},"15":{"start":{"line":31,"column":8},"end":{"line":33,"column":10}},"16":{"start":{"line":36,"column":41},"end":{"line":39,"column":8}},"17":{"start":{"line":41,"column":26},"end":{"line":41,"column":75}},"18":{"start":{"line":42,"column":27},"end":{"line":42,"column":83}},"19":{"start":{"line":44,"column":6},"end":{"line":48,"column":9}},"20":{"start":{"line":50,"column":6},"end":{"line":50,"column":74}},"21":{"start":{"line":55,"column":32},"end":{"line":55,"column":40}},"22":{"start":{"line":57,"column":4},"end":{"line":106,"column":5}},"23":{"start":{"line":58,"column":27},"end":{"line":58,"column":56}},"24":{"start":{"line":60,"column":6},"end":{"line":64,"column":7}},"25":{"start":{"line":61,"column":8},"end":{"line":63,"column":10}},"26":{"start":{"line":66,"column":25},"end":{"line":66,"column":27}},"27":{"start":{"line":67,"column":29},"end":{"line":67,"column":68}},"28":{"start":{"line":69,"column":26},"end":{"line":69,"column":62}},"29":{"start":{"line":70,"column":6},"end":{"line":76,"column":7}},"30":{"start":{"line":71,"column":8},"end":{"line":75,"column":10}},"31":{"start":{"line":78,"column":22},"end":{"line":84,"column":null}},"32":{"start":{"line":87,"column":6},"end":{"line":87,"column":27}},"33":{"start":{"line":88,"column":6},"end":{"line":88,"column":54}},"34":{"start":{"line":90,"column":41},"end":{"line":93,"column":8}},"35":{"start":{"line":95,"column":26},"end":{"line":95,"column":75}},"36":{"start":{"line":96,"column":27},"end":{"line":96,"column":83}},"37":{"start":{"line":98,"column":6},"end":{"line":103,"column":9}},"38":{"start":{"line":105,"column":6},"end":{"line":105,"column":83}},"39":{"start":{"line":114,"column":29},"end":{"line":114,"column":37}},"40":{"start":{"line":116,"column":4},"end":{"line":146,"column":5}},"41":{"start":{"line":117,"column":22},"end":{"line":117,"column":84}},"42":{"start":{"line":119,"column":19},"end":{"line":119,"column":85}},"43":{"start":{"line":121,"column":6},"end":{"line":128,"column":7}},"44":{"start":{"line":122,"column":8},"end":{"line":127,"column":10}},"45":{"start":{"line":130,"column":41},"end":{"line":133,"column":8}},"46":{"start":{"line":135,"column":29},"end":{"line":135,"column":78}},"47":{"start":{"line":137,"column":6},"end":{"line":139,"column":9}},"48":{"start":{"line":141,"column":6},"end":{"line":145,"column":8}},"49":{"start":{"line":150,"column":4},"end":{"line":172,"column":5}},"50":{"start":{"line":151,"column":30},"end":{"line":151,"column":38}},"51":{"start":{"line":153,"column":22},"end":{"line":153,"column":null}},"52":{"start":{"line":159,"column":24},"end":{"line":159,"column":52}},"53":{"start":{"line":161,"column":6},"end":{"line":164,"column":9}},"54":{"start":{"line":166,"column":6},"end":{"line":169,"column":9}},"55":{"start":{"line":171,"column":6},"end":{"line":171,"column":16}},"56":{"start":{"line":176,"column":0},"end":{"line":176,"column":36}}},"fnMap":{"0":{"name":"(anonymous_8)","decl":{"start":{"line":20,"column":8},"end":{"line":20,"column":13}},"loc":{"start":{"line":20,"column":106},"end":{"line":52,"column":null}}},"1":{"name":"(anonymous_10)","decl":{"start":{"line":54,"column":8},"end":{"line":54,"column":16}},"loc":{"start":{"line":54,"column":115},"end":{"line":107,"column":null}}},"2":{"name":"(anonymous_12)","decl":{"start":{"line":109,"column":8},"end":{"line":109,"column":20}},"loc":{"start":{"line":112,"column":22},"end":{"line":147,"column":null}}},"3":{"name":"(anonymous_14)","decl":{"start":{"line":149,"column":8},"end":{"line":149,"column":14}},"loc":{"start":{"line":149,"column":89},"end":{"line":173,"column":null}}}},"branchMap":{"0":{"loc":{"start":{"line":25,"column":6},"end":{"line":27,"column":7}},"type":"if","locations":[{"start":{"line":25,"column":6},"end":{"line":27,"column":7}}]},"1":{"loc":{"start":{"line":30,"column":6},"end":{"line":34,"column":7}},"type":"if","locations":[{"start":{"line":30,"column":6},"end":{"line":34,"column":7}}]},"2":{"loc":{"start":{"line":60,"column":6},"end":{"line":64,"column":7}},"type":"if","locations":[{"start":{"line":60,"column":6},"end":{"line":64,"column":7}}]},"3":{"loc":{"start":{"line":70,"column":6},"end":{"line":76,"column":7}},"type":"if","locations":[{"start":{"line":70,"column":6},"end":{"line":76,"column":7}}]},"4":{"loc":{"start":{"line":84,"column":16},"end":{"line":84,"column":36}},"type":"binary-expr","locations":[{"start":{"line":84,"column":16},"end":{"line":84,"column":30}},{"start":{"line":84,"column":34},"end":{"line":84,"column":36}}]},"5":{"loc":{"start":{"line":84,"column":16},"end":{"line":84,"column":30}},"type":"cond-expr","locations":[{"start":{"line":84,"column":24},"end":{"line":84,"column":26}},{"start":{"line":84,"column":24},"end":{"line":84,"column":30}}]},"6":{"loc":{"start":{"line":84,"column":16},"end":{"line":84,"column":26}},"type":"binary-expr","locations":[{"start":{"line":84,"column":16},"end":{"line":84,"column":26}},{"start":{"line":84,"column":24},"end":{"line":84,"column":26}}]},"7":{"loc":{"start":{"line":121,"column":6},"end":{"line":128,"column":7}},"type":"if","locations":[{"start":{"line":121,"column":6},"end":{"line":128,"column":7}}]}},"s":{"0":1,"1":1,"2":1,"3":1,"4":1,"5":1,"6":1,"7":1,"8":4,"9":4,"10":4,"11":3,"12":1,"13":2,"14":2,"15":1,"16":1,"17":1,"18":1,"19":1,"20":1,"21":0,"22":0,"23":0,"24":0,"25":0,"26":0,"27":0,"28":0,"29":0,"30":0,"31":0,"32":0,"33":0,"34":0,"35":0,"36":0,"37":0,"38":0,"39":0,"40":0,"41":0,"42":0,"43":0,"44":0,"45":0,"46":0,"47":0,"48":0,"49":0,"50":0,"51":0,"52":0,"53":0,"54":0,"55":0,"56":1},"f":{"0":4,"1":0,"2":0,"3":0},"b":{"0":[1],"1":[1],"2":[0],"3":[0],"4":[0,0],"5":[0,0],"6":[0,0],"7":[0]}}
,"C:\\Users\\DELL\\OneDrive\\Máy tính\\test case\\library-management-be\\src\\controllers\\author-controller.ts": {"path":"C:\\Users\\DELL\\OneDrive\\Máy tính\\test case\\library-management-be\\src\\controllers\\author-controller.ts","statementMap":{"0":{"start":{"line":3,"column":0},"end":{"line":3,"column":44}},"1":{"start":{"line":4,"column":0},"end":{"line":4,"column":43}},"2":{"start":{"line":6,"column":0},"end":{"line":6,"column":89}},"3":{"start":{"line":7,"column":0},"end":{"line":7,"column":59}},"4":{"start":{"line":8,"column":0},"end":{"line":8,"column":42}},"5":{"start":{"line":12,"column":4},"end":{"line":21,"column":5}},"6":{"start":{"line":13,"column":41},"end":{"line":13,"column":66}},"7":{"start":{"line":14,"column":27},"end":{"line":14,"column":84}},"8":{"start":{"line":16,"column":40},"end":{"line":16,"column":103}},"9":{"start":{"line":18,"column":6},"end":{"line":18,"column":84}},"10":{"start":{"line":20,"column":6},"end":{"line":20,"column":18}},"11":{"start":{"line":25,"column":4},"end":{"line":31,"column":5}},"12":{"start":{"line":26,"column":27},"end":{"line":26,"column":37}},"13":{"start":{"line":27,"column":21},"end":{"line":27,"column":64}},"14":{"start":{"line":28,"column":6},"end":{"line":28,"column":89}},"15":{"start":{"line":30,"column":6},"end":{"line":30,"column":18}},"16":{"start":{"line":35,"column":4},"end":{"line":40,"column":5}},"17":{"start":{"line":36,"column":24},"end":{"line":36,"column":82}},"18":{"start":{"line":37,"column":6},"end":{"line":37,"column":90}},"19":{"start":{"line":39,"column":6},"end":{"line":39,"column":18}},"20":{"start":{"line":44,"column":4},"end":{"line":52,"column":5}},"21":{"start":{"line":45,"column":22},"end":{"line":45,"column":55}},"22":{"start":{"line":46,"column":6},"end":{"line":48,"column":7}},"23":{"start":{"line":47,"column":8},"end":{"line":47,"column":98}},"24":{"start":{"line":49,"column":6},"end":{"line":49,"column":88}},"25":{"start":{"line":51,"column":6},"end":{"line":51,"column":18}},"26":{"start":{"line":60,"column":4},"end":{"line":67,"column":5}},"27":{"start":{"line":61,"column":27},"end":{"line":61,"column":37}},"28":{"start":{"line":62,"column":28},"end":{"line":62,"column":90}},"29":{"start":{"line":64,"column":6},"end":{"line":64,"column":91}},"30":{"start":{"line":66,"column":6},"end":{"line":66,"column":18}},"31":{"start":{"line":72,"column":4},"end":{"line":82,"column":5}},"32":{"start":{"line":73,"column":27},"end":{"line":73,"column":37}},"33":{"start":{"line":74,"column":6},"end":{"line":74,"column":49}},"34":{"start":{"line":76,"column":6},"end":{"line":79,"column":9}},"35":{"start":{"line":81,"column":6},"end":{"line":81,"column":18}},"36":{"start":{"line":86,"column":0},"end":{"line":86,"column":38}}},"fnMap":{"0":{"name":"(anonymous_8)","decl":{"start":{"line":11,"column":8},"end":{"line":11,"column":18}},"loc":{"start":{"line":11,"column":98},"end":{"line":22,"column":null}}},"1":{"name":"(anonymous_10)","decl":{"start":{"line":24,"column":8},"end":{"line":24,"column":21}},"loc":{"start":{"line":24,"column":91},"end":{"line":32,"column":null}}},"2":{"name":"(anonymous_12)","decl":{"start":{"line":34,"column":8},"end":{"line":34,"column":20}},"loc":{"start":{"line":34,"column":94},"end":{"line":41,"column":null}}},"3":{"name":"(anonymous_14)","decl":{"start":{"line":43,"column":8},"end":{"line":43,"column":22}},"loc":{"start":{"line":43,"column":70},"end":{"line":53,"column":null}}},"4":{"name":"(anonymous_16)","decl":{"start":{"line":55,"column":8},"end":{"line":55,"column":20}},"loc":{"start":{"line":58,"column":22},"end":{"line":68,"column":null}}},"5":{"name":"(anonymous_18)","decl":{"start":{"line":71,"column":8},"end":{"line":71,"column":20}},"loc":{"start":{"line":71,"column":90},"end":{"line":83,"column":null}}}},"branchMap":{"0":{"loc":{"start":{"line":14,"column":27},"end":{"line":14,"column":84}},"type":"cond-expr","locations":[{"start":{"line":14,"column":36},"end":{"line":14,"column":79}},{"start":{"line":14,"column":82},"end":{"line":14,"column":84}}]},"1":{"loc":{"start":{"line":36,"column":67},"end":{"line":36,"column":81}},"type":"cond-expr","locations":[{"start":{"line":36,"column":75},"end":{"line":36,"column":77}},{"start":{"line":36,"column":75},"end":{"line":36,"column":81}}]},"2":{"loc":{"start":{"line":36,"column":67},"end":{"line":36,"column":77}},"type":"binary-expr","locations":[{"start":{"line":36,"column":67},"end":{"line":36,"column":77}},{"start":{"line":36,"column":75},"end":{"line":36,"column":77}}]},"3":{"loc":{"start":{"line":46,"column":6},"end":{"line":48,"column":7}},"type":"if","locations":[{"start":{"line":46,"column":6},"end":{"line":48,"column":7}}]}},"s":{"0":0,"1":0,"2":0,"3":0,"4":0,"5":0,"6":0,"7":0,"8":0,"9":0,"10":0,"11":0,"12":0,"13":0,"14":0,"15":0,"16":0,"17":0,"18":0,"19":0,"20":0,"21":0,"22":0,"23":0,"24":0,"25":0,"26":0,"27":0,"28":0,"29":0,"30":0,"31":0,"32":0,"33":0,"34":0,"35":0,"36":0},"f":{"0":0,"1":0,"2":0,"3":0,"4":0,"5":0},"b":{"0":[0,0],"1":[0,0],"2":[0,0],"3":[0]}}
,"C:\\Users\\DELL\\OneDrive\\Máy tính\\test case\\library-management-be\\src\\controllers\\book-controller.ts": {"path":"C:\\Users\\DELL\\OneDrive\\Máy tính\\test case\\library-management-be\\src\\controllers\\book-controller.ts","statementMap":{"0":{"start":{"line":1,"column":0},"end":{"line":1,"column":28}},"1":{"start":{"line":4,"column":0},"end":{"line":4,"column":44}},"2":{"start":{"line":5,"column":0},"end":{"line":5,"column":40}},"3":{"start":{"line":6,"column":0},"end":{"line":6,"column":43}},"4":{"start":{"line":10,"column":0},"end":{"line":10,"column":89}},"5":{"start":{"line":11,"column":0},"end":{"line":11,"column":55}},"6":{"start":{"line":12,"column":0},"end":{"line":12,"column":59}},"7":{"start":{"line":13,"column":0},"end":{"line":13,"column":42}},"8":{"start":{"line":21,"column":4},"end":{"line":32,"column":5}},"9":{"start":{"line":22,"column":41},"end":{"line":22,"column":66}},"10":{"start":{"line":24,"column":27},"end":{"line":24,"column":85}},"11":{"start":{"line":26,"column":25},"end":{"line":26,"column":68}},"12":{"start":{"line":27,"column":20},"end":{"line":27,"column":89}},"13":{"start":{"line":29,"column":6},"end":{"line":29,"column":80}},"14":{"start":{"line":31,"column":6},"end":{"line":31,"column":18}},"15":{"start":{"line":36,"column":4},"end":{"line":43,"column":5}},"16":{"start":{"line":37,"column":25},"end":{"line":37,"column":35}},"17":{"start":{"line":38,"column":19},"end":{"line":38,"column":53}},"18":{"start":{"line":40,"column":6},"end":{"line":40,"column":83}},"19":{"start":{"line":42,"column":6},"end":{"line":42,"column":18}},"20":{"start":{"line":47,"column":4},"end":{"line":75,"column":5}},"21":{"start":{"line":48,"column":33},"end":{"line":48,"column":41}},"22":{"start":{"line":50,"column":27},"end":{"line":50,"column":64}},"23":{"start":{"line":51,"column":24},"end":{"line":51,"column":64}},"24":{"start":{"line":51,"column":53},"end":{"line":51,"column":63}},"25":{"start":{"line":53,"column":27},"end":{"line":56,"column":8}},"26":{"start":{"line":58,"column":6},"end":{"line":62,"column":7}},"27":{"start":{"line":59,"column":8},"end":{"line":61,"column":10}},"28":{"start":{"line":64,"column":22},"end":{"line":68,"column":null}},"29":{"start":{"line":70,"column":6},"end":{"line":70,"column":27}},"30":{"start":{"line":72,"column":6},"end":{"line":72,"column":76}},"31":{"start":{"line":74,"column":6},"end":{"line":74,"column":18}},"32":{"start":{"line":83,"column":4},"end":{"line":90,"column":5}},"33":{"start":{"line":84,"column":25},"end":{"line":84,"column":35}},"34":{"start":{"line":85,"column":26},"end":{"line":85,"column":72}},"35":{"start":{"line":87,"column":6},"end":{"line":87,"column":85}},"36":{"start":{"line":89,"column":6},"end":{"line":89,"column":18}},"37":{"start":{"line":94,"column":4},"end":{"line":101,"column":5}},"38":{"start":{"line":95,"column":25},"end":{"line":95,"column":35}},"39":{"start":{"line":96,"column":6},"end":{"line":96,"column":43}},"40":{"start":{"line":98,"column":6},"end":{"line":98,"column":67}},"41":{"start":{"line":100,"column":6},"end":{"line":100,"column":18}},"42":{"start":{"line":105,"column":4},"end":{"line":112,"column":5}},"43":{"start":{"line":106,"column":26},"end":{"line":106,"column":34}},"44":{"start":{"line":107,"column":21},"end":{"line":107,"column":63}},"45":{"start":{"line":109,"column":6},"end":{"line":109,"column":35}},"46":{"start":{"line":111,"column":6},"end":{"line":111,"column":18}},"47":{"start":{"line":116,"column":4},"end":{"line":124,"column":5}},"48":{"start":{"line":117,"column":27},"end":{"line":117,"column":37}},"49":{"start":{"line":119,"column":20},"end":{"line":119,"column":85}},"50":{"start":{"line":121,"column":6},"end":{"line":121,"column":87}},"51":{"start":{"line":123,"column":6},"end":{"line":123,"column":18}},"52":{"start":{"line":129,"column":4},"end":{"line":149,"column":5}},"53":{"start":{"line":130,"column":18},"end":{"line":130,"column":32}},"54":{"start":{"line":131,"column":30},"end":{"line":131,"column":65}},"55":{"start":{"line":132,"column":31},"end":{"line":132,"column":88}},"56":{"start":{"line":134,"column":32},"end":{"line":136,"column":8}},"57":{"start":{"line":138,"column":33},"end":{"line":140,"column":8}},"58":{"start":{"line":142,"column":41},"end":{"line":145,"column":8}},"59":{"start":{"line":146,"column":6},"end":{"line":146,"column":97}},"60":{"start":{"line":148,"column":6},"end":{"line":148,"column":18}},"61":{"start":{"line":153,"column":4},"end":{"line":163,"column":5}},"62":{"start":{"line":154,"column":25},"end":{"line":154,"column":58}},"63":{"start":{"line":156,"column":6},"end":{"line":160,"column":8}},"64":{"start":{"line":162,"column":6},"end":{"line":162,"column":18}},"65":{"start":{"line":171,"column":4},"end":{"line":204,"column":5}},"66":{"start":{"line":172,"column":6},"end":{"line":201,"column":7}},"67":{"start":{"line":173,"column":26},"end":{"line":184,"column":10}},"68":{"start":{"line":186,"column":30},"end":{"line":196,"column":10}},"69":{"start":{"line":187,"column":22},"end":{"line":187,"column":31}},"70":{"start":{"line":188,"column":10},"end":{"line":190,"column":54}},"71":{"start":{"line":188,"column":31},"end":{"line":188,"column":46}},"72":{"start":{"line":189,"column":15},"end":{"line":190,"column":54}},"73":{"start":{"line":189,"column":37},"end":{"line":189,"column":56}},"74":{"start":{"line":190,"column":15},"end":{"line":190,"column":54}},"75":{"start":{"line":190,"column":38},"end":{"line":190,"column":54}},"76":{"start":{"line":192,"column":10},"end":{"line":194,"column":null}},"77":{"start":{"line":198,"column":8},"end":{"line":198,"column":44}},"78":{"start":{"line":200,"column":8},"end":{"line":200,"column":93}},"79":{"start":{"line":203,"column":6},"end":{"line":203,"column":18}},"80":{"start":{"line":208,"column":4},"end":{"line":239,"column":5}},"81":{"start":{"line":209,"column":6},"end":{"line":211,"column":7}},"82":{"start":{"line":210,"column":8},"end":{"line":210,"column":94}},"83":{"start":{"line":212,"column":24},"end":{"line":212,"column":32}},"84":{"start":{"line":214,"column":26},"end":{"line":214,"column":86}},"85":{"start":{"line":214,"column":71},"end":{"line":214,"column":83}},"86":{"start":{"line":216,"column":25},"end":{"line":216,"column":74}},"87":{"start":{"line":218,"column":26},"end":{"line":218,"column":72}},"88":{"start":{"line":219,"column":6},"end":{"line":221,"column":7}},"89":{"start":{"line":220,"column":8},"end":{"line":220,"column":70}},"90":{"start":{"line":223,"column":24},"end":{"line":223,"column":88}},"91":{"start":{"line":223,"column":61},"end":{"line":223,"column":86}},"92":{"start":{"line":225,"column":28},"end":{"line":228,"column":9}},"93":{"start":{"line":225,"column":57},"end":{"line":227,"column":null}},"94":{"start":{"line":227,"column":52},"end":{"line":227,"column":92}},"95":{"start":{"line":230,"column":28},"end":{"line":230,"column":64}},"96":{"start":{"line":232,"column":6},"end":{"line":236,"column":9}},"97":{"start":{"line":238,"column":6},"end":{"line":238,"column":18}},"98":{"start":{"line":243,"column":0},"end":{"line":243,"column":36}}},"fnMap":{"0":{"name":"(anonymous_8)","decl":{"start":{"line":16,"column":8},"end":{"line":16,"column":16}},"loc":{"start":{"line":19,"column":22},"end":{"line":33,"column":null}}},"1":{"name":"(anonymous_10)","decl":{"start":{"line":35,"column":8},"end":{"line":35,"column":19}},"loc":{"start":{"line":35,"column":87},"end":{"line":44,"column":null}}},"2":{"name":"(anonymous_12)","decl":{"start":{"line":46,"column":8},"end":{"line":46,"column":18}},"loc":{"start":{"line":46,"column":90},"end":{"line":76,"column":null}}},"3":{"name":"(anonymous_14)","decl":{"start":{"line":51,"column":41},"end":{"line":51,"column":42}},"loc":{"start":{"line":51,"column":53},"end":{"line":51,"column":63}}},"4":{"name":"(anonymous_15)","decl":{"start":{"line":78,"column":8},"end":{"line":78,"column":18}},"loc":{"start":{"line":81,"column":22},"end":{"line":91,"column":null}}},"5":{"name":"(anonymous_17)","decl":{"start":{"line":93,"column":8},"end":{"line":93,"column":18}},"loc":{"start":{"line":93,"column":96},"end":{"line":102,"column":null}}},"6":{"name":"(anonymous_19)","decl":{"start":{"line":104,"column":8},"end":{"line":104,"column":23}},"loc":{"start":{"line":104,"column":96},"end":{"line":113,"column":null}}},"7":{"name":"(anonymous_21)","decl":{"start":{"line":115,"column":8},"end":{"line":115,"column":24}},"loc":{"start":{"line":115,"column":94},"end":{"line":125,"column":null}}},"8":{"name":"(anonymous_23)","decl":{"start":{"line":128,"column":8},"end":{"line":128,"column":37}},"loc":{"start":{"line":128,"column":85},"end":{"line":150,"column":null}}},"9":{"name":"(anonymous_25)","decl":{"start":{"line":152,"column":8},"end":{"line":152,"column":21}},"loc":{"start":{"line":152,"column":69},"end":{"line":164,"column":null}}},"10":{"name":"(anonymous_27)","decl":{"start":{"line":166,"column":8},"end":{"line":166,"column":41}},"loc":{"start":{"line":169,"column":22},"end":{"line":205,"column":null}}},"11":{"name":"(anonymous_29)","decl":{"start":{"line":186,"column":44},"end":{"line":186,"column":45}},"loc":{"start":{"line":186,"column":59},"end":{"line":196,"column":9}}},"12":{"name":"(anonymous_30)","decl":{"start":{"line":207,"column":8},"end":{"line":207,"column":20}},"loc":{"start":{"line":207,"column":68},"end":{"line":240,"column":null}}},"13":{"name":"(anonymous_32)","decl":{"start":{"line":214,"column":56},"end":{"line":214,"column":57}},"loc":{"start":{"line":214,"column":71},"end":{"line":214,"column":83}}},"14":{"name":"(anonymous_33)","decl":{"start":{"line":223,"column":49},"end":{"line":223,"column":50}},"loc":{"start":{"line":223,"column":61},"end":{"line":223,"column":86}}},"15":{"name":"(anonymous_34)","decl":{"start":{"line":225,"column":42},"end":{"line":225,"column":43}},"loc":{"start":{"line":225,"column":57},"end":{"line":227,"column":null}}},"16":{"name":"(anonymous_35)","decl":{"start":{"line":227,"column":34},"end":{"line":227,"column":35}},"loc":{"start":{"line":227,"column":52},"end":{"line":227,"column":92}}}},"branchMap":{"0":{"loc":{"start":{"line":24,"column":27},"end":{"line":24,"column":85}},"type":"cond-expr","locations":[{"start":{"line":24,"column":36},"end":{"line":24,"column":80}},{"start":{"line":24,"column":83},"end":{"line":24,"column":85}}]},"1":{"loc":{"start":{"line":58,"column":6},"end":{"line":62,"column":7}},"type":"if","locations":[{"start":{"line":58,"column":6},"end":{"line":62,"column":7}}]},"2":{"loc":{"start":{"line":67,"column":20},"end":{"line":67,"column":40}},"type":"binary-expr","locations":[{"start":{"line":67,"column":20},"end":{"line":67,"column":34}},{"start":{"line":67,"column":38},"end":{"line":67,"column":40}}]},"3":{"loc":{"start":{"line":67,"column":20},"end":{"line":67,"column":34}},"type":"cond-expr","locations":[{"start":{"line":67,"column":28},"end":{"line":67,"column":30}},{"start":{"line":67,"column":28},"end":{"line":67,"column":34}}]},"4":{"loc":{"start":{"line":67,"column":20},"end":{"line":67,"column":30}},"type":"binary-expr","locations":[{"start":{"line":67,"column":20},"end":{"line":67,"column":30}},{"start":{"line":67,"column":28},"end":{"line":67,"column":30}}]},"5":{"loc":{"start":{"line":68,"column":23},"end":{"line":68,"column":92}},"type":"cond-expr","locations":[{"start":{"line":68,"column":48},"end":{"line":68,"column":80}},{"start":{"line":68,"column":83},"end":{"line":68,"column":92}}]},"6":{"loc":{"start":{"line":172,"column":6},"end":{"line":201,"column":7}},"type":"if","locations":[{"start":{"line":172,"column":6},"end":{"line":201,"column":7}},{"start":{"line":199,"column":13},"end":{"line":201,"column":7}}]},"7":{"loc":{"start":{"line":188,"column":10},"end":{"line":190,"column":54}},"type":"if","locations":[{"start":{"line":188,"column":10},"end":{"line":190,"column":54}},{"start":{"line":189,"column":15},"end":{"line":190,"column":54}}]},"8":{"loc":{"start":{"line":189,"column":15},"end":{"line":190,"column":54}},"type":"if","locations":[{"start":{"line":189,"column":15},"end":{"line":190,"column":54}},{"start":{"line":190,"column":15},"end":{"line":190,"column":54}}]},"9":{"loc":{"start":{"line":190,"column":15},"end":{"line":190,"column":54}},"type":"if","locations":[{"start":{"line":190,"column":15},"end":{"line":190,"column":54}}]},"10":{"loc":{"start":{"line":209,"column":6},"end":{"line":211,"column":7}},"type":"if","locations":[{"start":{"line":209,"column":6},"end":{"line":211,"column":7}}]},"11":{"loc":{"start":{"line":219,"column":6},"end":{"line":221,"column":7}},"type":"if","locations":[{"start":{"line":219,"column":6},"end":{"line":221,"column":7}}]},"12":{"loc":{"start":{"line":227,"column":52},"end":{"line":227,"column":92}},"type":"binary-expr","locations":[{"start":{"line":227,"column":52},"end":{"line":227,"column":71}},{"start":{"line":227,"column":75},"end":{"line":227,"column":92}}]}},"s":{"0":0,"1":0,"2":0,"3":0,"4":0,"5":0,"6":0,"7":0,"8":0,"9":0,"10":0,"11":0,"12":0,"13":0,"14":0,"15":0,"16":0,"17":0,"18":0,"19":0,"20":0,"21":0,"22":0,"23":0,"24":0,"25":0,"26":0,"27":0,"28":0,"29":0,"30":0,"31":0,"32":0,"33":0,"34":0,"35":0,"36":0,"37":0,"38":0,"39":0,"40":0,"41":0,"42":0,"43":0,"44":0,"45":0,"46":0,"47":0,"48":0,"49":0,"50":0,"51":0,"52":0,"53":0,"54":0,"55":0,"56":0,"57":0,"58":0,"59":0,"60":0,"61":0,"62":0,"63":0,"64":0,"65":0,"66":0,"67":0,"68":0,"69":0,"70":0,"71":0,"72":0,"73":0,"74":0,"75":0,"76":0,"77":0,"78":0,"79":0,"80":0,"81":0,"82":0,"83":0,"84":0,"85":0,"86":0,"87":0,"88":0,"89":0,"90":0,"91":0,"92":0,"93":0,"94":0,"95":0,"96":0,"97":0,"98":0},"f":{"0":0,"1":0,"2":0,"3":0,"4":0,"5":0,"6":0,"7":0,"8":0,"9":0,"10":0,"11":0,"12":0,"13":0,"14":0,"15":0,"16":0},"b":{"0":[0,0],"1":[0],"2":[0,0],"3":[0,0],"4":[0,0],"5":[0,0],"6":[0,0],"7":[0,0],"8":[0,0],"9":[0],"10":[0],"11":[0],"12":[0,0]}}
,"C:\\Users\\DELL\\OneDrive\\Máy tính\\test case\\library-management-be\\src\\controllers\\borrow-controller.ts": {"path":"C:\\Users\\DELL\\OneDrive\\Máy tính\\test case\\library-management-be\\src\\controllers\\borrow-controller.ts","statementMap":{"0":{"start":{"line":2,"column":0},"end":{"line":2,"column":40}},"1":{"start":{"line":3,"column":0},"end":{"line":3,"column":43}},"2":{"start":{"line":5,"column":0},"end":{"line":5,"column":72}},"3":{"start":{"line":7,"column":0},"end":{"line":7,"column":89}},"4":{"start":{"line":8,"column":0},"end":{"line":8,"column":72}},"5":{"start":{"line":9,"column":0},"end":{"line":9,"column":55}},"6":{"start":{"line":10,"column":0},"end":{"line":10,"column":55}},"7":{"start":{"line":11,"column":0},"end":{"line":11,"column":57}},"8":{"start":{"line":12,"column":0},"end":{"line":12,"column":40}},"9":{"start":{"line":20,"column":4},"end":{"line":46,"column":5}},"10":{"start":{"line":21,"column":41},"end":{"line":21,"column":66}},"11":{"start":{"line":22,"column":25},"end":{"line":22,"column":70}},"12":{"start":{"line":24,"column":24},"end":{"line":24,"column":26}},"13":{"start":{"line":26,"column":6},"end":{"line":32,"column":7}},"14":{"start":{"line":27,"column":22},"end":{"line":29,"column":24}},"15":{"start":{"line":30,"column":24},"end":{"line":30,"column":53}},"16":{"start":{"line":30,"column":44},"end":{"line":30,"column":52}},"17":{"start":{"line":31,"column":8},"end":{"line":31,"column":44}},"18":{"start":{"line":34,"column":6},"end":{"line":38,"column":7}},"19":{"start":{"line":35,"column":8},"end":{"line":35,"column":52}},"20":{"start":{"line":36,"column":13},"end":{"line":38,"column":7}},"21":{"start":{"line":37,"column":8},"end":{"line":37,"column":51}},"22":{"start":{"line":40,"column":27},"end":{"line":40,"column":72}},"23":{"start":{"line":41,"column":22},"end":{"line":41,"column":93}},"24":{"start":{"line":43,"column":6},"end":{"line":43,"column":84}},"25":{"start":{"line":45,"column":6},"end":{"line":45,"column":18}},"26":{"start":{"line":50,"column":4},"end":{"line":57,"column":5}},"27":{"start":{"line":51,"column":27},"end":{"line":51,"column":37}},"28":{"start":{"line":52,"column":21},"end":{"line":52,"column":76}},"29":{"start":{"line":54,"column":6},"end":{"line":54,"column":91}},"30":{"start":{"line":56,"column":6},"end":{"line":56,"column":18}},"31":{"start":{"line":65,"column":4},"end":{"line":93,"column":5}},"32":{"start":{"line":66,"column":42},"end":{"line":66,"column":50}},"33":{"start":{"line":68,"column":24},"end":{"line":68,"column":57}},"34":{"start":{"line":69,"column":6},"end":{"line":71,"column":7}},"35":{"start":{"line":70,"column":8},"end":{"line":70,"column":72}},"36":{"start":{"line":73,"column":8},"end":{"line":75,"column":7}},"37":{"start":{"line":74,"column":8},"end":{"line":74,"column":72}},"38":{"start":{"line":77,"column":24},"end":{"line":77,"column":58}},"39":{"start":{"line":78,"column":6},"end":{"line":80,"column":7}},"40":{"start":{"line":79,"column":8},"end":{"line":79,"column":75}},"41":{"start":{"line":81,"column":6},"end":{"line":81,"column":30}},"42":{"start":{"line":82,"column":6},"end":{"line":82,"column":29}},"43":{"start":{"line":84,"column":24},"end":{"line":88,"column":8}},"44":{"start":{"line":90,"column":6},"end":{"line":90,"column":87}},"45":{"start":{"line":92,"column":6},"end":{"line":92,"column":18}},"46":{"start":{"line":101,"column":4},"end":{"line":155,"column":5}},"47":{"start":{"line":102,"column":27},"end":{"line":102,"column":37}},"48":{"start":{"line":103,"column":25},"end":{"line":103,"column":33}},"49":{"start":{"line":105,"column":21},"end":{"line":107,"column":8}},"50":{"start":{"line":110,"column":19},"end":{"line":110,"column":58}},"51":{"start":{"line":111,"column":6},"end":{"line":113,"column":7}},"52":{"start":{"line":112,"column":8},"end":{"line":112,"column":27}},"53":{"start":{"line":116,"column":19},"end":{"line":116,"column":57}},"54":{"start":{"line":117,"column":6},"end":{"line":117,"column":31}},"55":{"start":{"line":119,"column":25},"end":{"line":119,"column":35}},"56":{"start":{"line":120,"column":6},"end":{"line":120,"column":37}},"57":{"start":{"line":122,"column":6},"end":{"line":122,"column":38}},"58":{"start":{"line":124,"column":31},"end":{"line":124,"column":35}},"59":{"start":{"line":126,"column":6},"end":{"line":133,"column":7}},"60":{"start":{"line":127,"column":8},"end":{"line":132,"column":11}},"61":{"start":{"line":135,"column":6},"end":{"line":145,"column":7}},"62":{"start":{"line":136,"column":28},"end":{"line":136,"column":112}},"63":{"start":{"line":137,"column":27},"end":{"line":137,"column":45}},"64":{"start":{"line":139,"column":8},"end":{"line":144,"column":11}},"65":{"start":{"line":147,"column":6},"end":{"line":148,"column":28}},"66":{"start":{"line":148,"column":10},"end":{"line":148,"column":28}},"67":{"start":{"line":150,"column":6},"end":{"line":150,"column":67}},"68":{"start":{"line":152,"column":6},"end":{"line":152,"column":76}},"69":{"start":{"line":154,"column":6},"end":{"line":154,"column":13}},"70":{"start":{"line":160,"column":4},"end":{"line":165,"column":5}},"71":{"start":{"line":161,"column":20},"end":{"line":161,"column":79}},"72":{"start":{"line":162,"column":6},"end":{"line":162,"column":34}},"73":{"start":{"line":164,"column":6},"end":{"line":164,"column":18}},"74":{"start":{"line":169,"column":4},"end":{"line":174,"column":5}},"75":{"start":{"line":170,"column":27},"end":{"line":170,"column":77}},"76":{"start":{"line":171,"column":6},"end":{"line":171,"column":41}},"77":{"start":{"line":173,"column":6},"end":{"line":173,"column":18}},"78":{"start":{"line":178,"column":4},"end":{"line":183,"column":5}},"79":{"start":{"line":179,"column":21},"end":{"line":179,"column":79}},"80":{"start":{"line":180,"column":6},"end":{"line":180,"column":78}},"81":{"start":{"line":182,"column":6},"end":{"line":182,"column":18}},"82":{"start":{"line":187,"column":4},"end":{"line":197,"column":5}},"83":{"start":{"line":188,"column":28},"end":{"line":188,"column":69}},"84":{"start":{"line":190,"column":6},"end":{"line":194,"column":8}},"85":{"start":{"line":196,"column":6},"end":{"line":196,"column":18}},"86":{"start":{"line":201,"column":4},"end":{"line":215,"column":5}},"87":{"start":{"line":202,"column":25},"end":{"line":202,"column":35}},"88":{"start":{"line":203,"column":28},"end":{"line":206,"column":8}},"89":{"start":{"line":208,"column":6},"end":{"line":212,"column":8}},"90":{"start":{"line":214,"column":6},"end":{"line":214,"column":18}},"91":{"start":{"line":218,"column":0},"end":{"line":218,"column":44}}},"fnMap":{"0":{"name":"(anonymous_8)","decl":{"start":{"line":15,"column":8},"end":{"line":15,"column":24}},"loc":{"start":{"line":18,"column":22},"end":{"line":47,"column":null}}},"1":{"name":"(anonymous_10)","decl":{"start":{"line":30,"column":34},"end":{"line":30,"column":35}},"loc":{"start":{"line":30,"column":44},"end":{"line":30,"column":52}}},"2":{"name":"(anonymous_11)","decl":{"start":{"line":49,"column":8},"end":{"line":49,"column":27}},"loc":{"start":{"line":49,"column":97},"end":{"line":58,"column":null}}},"3":{"name":"(anonymous_13)","decl":{"start":{"line":60,"column":8},"end":{"line":60,"column":26}},"loc":{"start":{"line":63,"column":22},"end":{"line":94,"column":null}}},"4":{"name":"(anonymous_15)","decl":{"start":{"line":96,"column":8},"end":{"line":96,"column":18}},"loc":{"start":{"line":99,"column":22},"end":{"line":156,"column":null}}},"5":{"name":"(anonymous_17)","decl":{"start":{"line":159,"column":8},"end":{"line":159,"column":46}},"loc":{"start":{"line":159,"column":94},"end":{"line":166,"column":null}}},"6":{"name":"(anonymous_19)","decl":{"start":{"line":168,"column":8},"end":{"line":168,"column":37}},"loc":{"start":{"line":168,"column":85},"end":{"line":175,"column":null}}},"7":{"name":"(anonymous_21)","decl":{"start":{"line":177,"column":8},"end":{"line":177,"column":45}},"loc":{"start":{"line":177,"column":93},"end":{"line":184,"column":null}}},"8":{"name":"(anonymous_23)","decl":{"start":{"line":186,"column":8},"end":{"line":186,"column":29}},"loc":{"start":{"line":186,"column":77},"end":{"line":198,"column":null}}},"9":{"name":"(anonymous_25)","decl":{"start":{"line":200,"column":8},"end":{"line":200,"column":32}},"loc":{"start":{"line":200,"column":100},"end":{"line":216,"column":null}}}},"branchMap":{"0":{"loc":{"start":{"line":22,"column":25},"end":{"line":22,"column":70}},"type":"binary-expr","locations":[{"start":{"line":22,"column":25},"end":{"line":22,"column":61}},{"start":{"line":22,"column":65},"end":{"line":22,"column":70}}]},"1":{"loc":{"start":{"line":22,"column":25},"end":{"line":22,"column":61}},"type":"cond-expr","locations":[{"start":{"line":22,"column":53},"end":{"line":22,"column":55}},{"start":{"line":22,"column":53},"end":{"line":22,"column":61}}]},"2":{"loc":{"start":{"line":22,"column":25},"end":{"line":22,"column":55}},"type":"binary-expr","locations":[{"start":{"line":22,"column":25},"end":{"line":22,"column":55}},{"start":{"line":22,"column":53},"end":{"line":22,"column":55}}]},"3":{"loc":{"start":{"line":26,"column":6},"end":{"line":32,"column":7}},"type":"if","locations":[{"start":{"line":26,"column":6},"end":{"line":32,"column":7}}]},"4":{"loc":{"start":{"line":34,"column":6},"end":{"line":38,"column":7}},"type":"if","locations":[{"start":{"line":34,"column":6},"end":{"line":38,"column":7}},{"start":{"line":36,"column":13},"end":{"line":38,"column":7}}]},"5":{"loc":{"start":{"line":36,"column":13},"end":{"line":38,"column":7}},"type":"if","locations":[{"start":{"line":36,"column":13},"end":{"line":38,"column":7}}]},"6":{"loc":{"start":{"line":69,"column":6},"end":{"line":71,"column":7}},"type":"if","locations":[{"start":{"line":69,"column":6},"end":{"line":71,"column":7}}]},"7":{"loc":{"start":{"line":73,"column":8},"end":{"line":75,"column":7}},"type":"if","locations":[{"start":{"line":73,"column":8},"end":{"line":75,"column":7}}]},"8":{"loc":{"start":{"line":78,"column":6},"end":{"line":80,"column":7}},"type":"if","locations":[{"start":{"line":78,"column":6},"end":{"line":80,"column":7}}]},"9":{"loc":{"start":{"line":111,"column":6},"end":{"line":113,"column":7}},"type":"if","locations":[{"start":{"line":111,"column":6},"end":{"line":113,"column":7}}]},"10":{"loc":{"start":{"line":126,"column":6},"end":{"line":133,"column":7}},"type":"if","locations":[{"start":{"line":126,"column":6},"end":{"line":133,"column":7}}]},"11":{"loc":{"start":{"line":135,"column":6},"end":{"line":145,"column":7}},"type":"if","locations":[{"start":{"line":135,"column":6},"end":{"line":145,"column":7}}]},"12":{"loc":{"start":{"line":135,"column":10},"end":{"line":135,"column":76}},"type":"binary-expr","locations":[{"start":{"line":135,"column":10},"end":{"line":135,"column":25}},{"start":{"line":135,"column":29},"end":{"line":135,"column":76}}]},"13":{"loc":{"start":{"line":147,"column":6},"end":{"line":148,"column":28}},"type":"if","locations":[{"start":{"line":147,"column":6},"end":{"line":148,"column":28}}]}},"s":{"0":0,"1":0,"2":0,"3":0,"4":0,"5":0,"6":0,"7":0,"8":0,"9":0,"10":0,"11":0,"12":0,"13":0,"14":0,"15":0,"16":0,"17":0,"18":0,"19":0,"20":0,"21":0,"22":0,"23":0,"24":0,"25":0,"26":0,"27":0,"28":0,"29":0,"30":0,"31":0,"32":0,"33":0,"34":0,"35":0,"36":0,"37":0,"38":0,"39":0,"40":0,"41":0,"42":0,"43":0,"44":0,"45":0,"46":0,"47":0,"48":0,"49":0,"50":0,"51":0,"52":0,"53":0,"54":0,"55":0,"56":0,"57":0,"58":0,"59":0,"60":0,"61":0,"62":0,"63":0,"64":0,"65":0,"66":0,"67":0,"68":0,"69":0,"70":0,"71":0,"72":0,"73":0,"74":0,"75":0,"76":0,"77":0,"78":0,"79":0,"80":0,"81":0,"82":0,"83":0,"84":0,"85":0,"86":0,"87":0,"88":0,"89":0,"90":0,"91":0},"f":{"0":0,"1":0,"2":0,"3":0,"4":0,"5":0,"6":0,"7":0,"8":0,"9":0},"b":{"0":[0,0],"1":[0,0],"2":[0,0],"3":[0],"4":[0,0],"5":[0],"6":[0],"7":[0],"8":[0],"9":[0],"10":[0],"11":[0],"12":[0,0],"13":[0]}}
,"C:\\Users\\DELL\\OneDrive\\Máy tính\\test case\\library-management-be\\src\\controllers\\comment-controller.ts": {"path":"C:\\Users\\DELL\\OneDrive\\Máy tính\\test case\\library-management-be\\src\\controllers\\comment-controller.ts","statementMap":{"0":{"start":{"line":1,"column":0},"end":{"line":1,"column":32}},"1":{"start":{"line":3,"column":0},"end":{"line":3,"column":46}},"2":{"start":{"line":4,"column":0},"end":{"line":4,"column":40}},"3":{"start":{"line":6,"column":0},"end":{"line":6,"column":43}},"4":{"start":{"line":7,"column":0},"end":{"line":7,"column":49}},"5":{"start":{"line":15,"column":4},"end":{"line":30,"column":5}},"6":{"start":{"line":16,"column":25},"end":{"line":16,"column":35}},"7":{"start":{"line":17,"column":25},"end":{"line":17,"column":34}},"8":{"start":{"line":19,"column":28},"end":{"line":19,"column":51}},"9":{"start":{"line":21,"column":23},"end":{"line":25,"column":15}},"10":{"start":{"line":27,"column":6},"end":{"line":27,"column":65}},"11":{"start":{"line":29,"column":6},"end":{"line":29,"column":18}},"12":{"start":{"line":34,"column":4},"end":{"line":72,"column":5}},"13":{"start":{"line":35,"column":25},"end":{"line":35,"column":35}},"14":{"start":{"line":36,"column":21},"end":{"line":49,"column":8}},"15":{"start":{"line":51,"column":45},"end":{"line":51,"column":47}},"16":{"start":{"line":52,"column":18},"end":{"line":52,"column":19}},"17":{"start":{"line":53,"column":24},"end":{"line":53,"column":25}},"18":{"start":{"line":55,"column":6},"end":{"line":61,"column":7}},"19":{"start":{"line":55,"column":19},"end":{"line":55,"column":20}},"20":{"start":{"line":56,"column":22},"end":{"line":56,"column":53}},"21":{"start":{"line":56,"column":41},"end":{"line":56,"column":52}},"22":{"start":{"line":57,"column":22},"end":{"line":57,"column":45}},"23":{"start":{"line":58,"column":8},"end":{"line":58,"column":26}},"24":{"start":{"line":59,"column":8},"end":{"line":59,"column":23}},"25":{"start":{"line":60,"column":8},"end":{"line":60,"column":33}},"26":{"start":{"line":63,"column":28},"end":{"line":63,"column":63}},"27":{"start":{"line":65,"column":6},"end":{"line":69,"column":9}},"28":{"start":{"line":71,"column":6},"end":{"line":71,"column":18}},"29":{"start":{"line":76,"column":4},"end":{"line":84,"column":5}},"30":{"start":{"line":77,"column":25},"end":{"line":77,"column":35}},"31":{"start":{"line":79,"column":23},"end":{"line":79,"column":118}},"32":{"start":{"line":81,"column":6},"end":{"line":81,"column":104}},"33":{"start":{"line":83,"column":6},"end":{"line":83,"column":18}},"34":{"start":{"line":88,"column":4},"end":{"line":114,"column":5}},"35":{"start":{"line":89,"column":21},"end":{"line":89,"column":45}},"36":{"start":{"line":90,"column":42},"end":{"line":90,"column":50}},"37":{"start":{"line":92,"column":24},"end":{"line":92,"column":51}},"38":{"start":{"line":93,"column":6},"end":{"line":96,"column":55}},"39":{"start":{"line":94,"column":8},"end":{"line":96,"column":55}},"40":{"start":{"line":98,"column":25},"end":{"line":103,"column":8}},"41":{"start":{"line":105,"column":6},"end":{"line":105,"column":30}},"42":{"start":{"line":107,"column":6},"end":{"line":111,"column":9}},"43":{"start":{"line":113,"column":6},"end":{"line":113,"column":18}},"44":{"start":{"line":118,"column":4},"end":{"line":128,"column":5}},"45":{"start":{"line":119,"column":28},"end":{"line":119,"column":38}},"46":{"start":{"line":121,"column":29},"end":{"line":121,"column":71}},"47":{"start":{"line":122,"column":6},"end":{"line":123,"column":107}},"48":{"start":{"line":123,"column":8},"end":{"line":123,"column":107}},"49":{"start":{"line":125,"column":6},"end":{"line":125,"column":81}},"50":{"start":{"line":127,"column":6},"end":{"line":127,"column":18}},"51":{"start":{"line":132,"column":4},"end":{"line":144,"column":5}},"52":{"start":{"line":133,"column":28},"end":{"line":133,"column":38}},"53":{"start":{"line":135,"column":22},"end":{"line":135,"column":55}},"54":{"start":{"line":136,"column":6},"end":{"line":136,"column":119}},"55":{"start":{"line":136,"column":20},"end":{"line":136,"column":119}},"56":{"start":{"line":138,"column":6},"end":{"line":138,"column":25}},"57":{"start":{"line":139,"column":6},"end":{"line":139,"column":27}},"58":{"start":{"line":141,"column":6},"end":{"line":141,"column":73}},"59":{"start":{"line":143,"column":6},"end":{"line":143,"column":18}},"60":{"start":{"line":148,"column":0},"end":{"line":148,"column":39}}},"fnMap":{"0":{"name":"(anonymous_8)","decl":{"start":{"line":10,"column":8},"end":{"line":10,"column":27}},"loc":{"start":{"line":13,"column":22},"end":{"line":31,"column":null}}},"1":{"name":"(anonymous_10)","decl":{"start":{"line":33,"column":8},"end":{"line":33,"column":29}},"loc":{"start":{"line":33,"column":97},"end":{"line":73,"column":null}}},"2":{"name":"(anonymous_12)","decl":{"start":{"line":56,"column":34},"end":{"line":56,"column":35}},"loc":{"start":{"line":56,"column":41},"end":{"line":56,"column":52}}},"3":{"name":"(anonymous_13)","decl":{"start":{"line":75,"column":8},"end":{"line":75,"column":27}},"loc":{"start":{"line":75,"column":75},"end":{"line":85,"column":null}}},"4":{"name":"(anonymous_15)","decl":{"start":{"line":87,"column":8},"end":{"line":87,"column":21}},"loc":{"start":{"line":87,"column":96},"end":{"line":115,"column":null}}},"5":{"name":"(anonymous_17)","decl":{"start":{"line":117,"column":8},"end":{"line":117,"column":21}},"loc":{"start":{"line":117,"column":69},"end":{"line":129,"column":null}}},"6":{"name":"(anonymous_19)","decl":{"start":{"line":131,"column":8},"end":{"line":131,"column":19}},"loc":{"start":{"line":131,"column":67},"end":{"line":145,"column":null}}}},"branchMap":{"0":{"loc":{"start":{"line":19,"column":28},"end":{"line":19,"column":51}},"type":"cond-expr","locations":[{"start":{"line":19,"column":45},"end":{"line":19,"column":46}},{"start":{"line":19,"column":49},"end":{"line":19,"column":51}}]},"1":{"loc":{"start":{"line":57,"column":22},"end":{"line":57,"column":45}},"type":"cond-expr","locations":[{"start":{"line":57,"column":30},"end":{"line":57,"column":41}},{"start":{"line":57,"column":44},"end":{"line":57,"column":45}}]},"2":{"loc":{"start":{"line":63,"column":28},"end":{"line":63,"column":63}},"type":"cond-expr","locations":[{"start":{"line":63,"column":40},"end":{"line":63,"column":59}},{"start":{"line":63,"column":62},"end":{"line":63,"column":63}}]},"3":{"loc":{"start":{"line":93,"column":6},"end":{"line":96,"column":55}},"type":"if","locations":[{"start":{"line":93,"column":6},"end":{"line":96,"column":55}}]},"4":{"loc":{"start":{"line":122,"column":6},"end":{"line":123,"column":107}},"type":"if","locations":[{"start":{"line":122,"column":6},"end":{"line":123,"column":107}}]},"5":{"loc":{"start":{"line":136,"column":6},"end":{"line":136,"column":119}},"type":"if","locations":[{"start":{"line":136,"column":6},"end":{"line":136,"column":119}}]}},"s":{"0":0,"1":0,"2":0,"3":0,"4":0,"5":0,"6":0,"7":0,"8":0,"9":0,"10":0,"11":0,"12":0,"13":0,"14":0,"15":0,"16":0,"17":0,"18":0,"19":0,"20":0,"21":0,"22":0,"23":0,"24":0,"25":0,"26":0,"27":0,"28":0,"29":0,"30":0,"31":0,"32":0,"33":0,"34":0,"35":0,"36":0,"37":0,"38":0,"39":0,"40":0,"41":0,"42":0,"43":0,"44":0,"45":0,"46":0,"47":0,"48":0,"49":0,"50":0,"51":0,"52":0,"53":0,"54":0,"55":0,"56":0,"57":0,"58":0,"59":0,"60":0},"f":{"0":0,"1":0,"2":0,"3":0,"4":0,"5":0,"6":0},"b":{"0":[0,0],"1":[0,0],"2":[0,0],"3":[0],"4":[0],"5":[0]}}
,"C:\\Users\\DELL\\OneDrive\\Máy tính\\test case\\library-management-be\\src\\controllers\\email-controller.ts": {"path":"C:\\Users\\DELL\\OneDrive\\Máy tính\\test case\\library-management-be\\src\\controllers\\email-controller.ts","statementMap":{"0":{"start":{"line":1,"column":0},"end":{"line":1,"column":24}},"1":{"start":{"line":2,"column":0},"end":{"line":2,"column":36}},"2":{"start":{"line":3,"column":0},"end":{"line":3,"column":20}},"3":{"start":{"line":5,"column":0},"end":{"line":5,"column":69}},"4":{"start":{"line":6,"column":0},"end":{"line":6,"column":57}},"5":{"start":{"line":9,"column":0},"end":{"line":9,"column":43}},"6":{"start":{"line":13,"column":4},"end":{"line":52,"column":5}},"7":{"start":{"line":14,"column":22},"end":{"line":14,"column":68}},"8":{"start":{"line":15,"column":6},"end":{"line":17,"column":7}},"9":{"start":{"line":16,"column":8},"end":{"line":16,"column":116}},"10":{"start":{"line":18,"column":6},"end":{"line":20,"column":7}},"11":{"start":{"line":19,"column":8},"end":{"line":19,"column":118}},"12":{"start":{"line":22,"column":27},"end":{"line":26,"column":null}},"13":{"start":{"line":28,"column":21},"end":{"line":28,"column":58}},"14":{"start":{"line":29,"column":23},"end":{"line":29,"column":49}},"15":{"start":{"line":31,"column":27},"end":{"line":37,"column":8}},"16":{"start":{"line":39,"column":25},"end":{"line":39,"column":47}},"17":{"start":{"line":41,"column":26},"end":{"line":45,"column":8}},"18":{"start":{"line":47,"column":19},"end":{"line":47,"column":58}},"19":{"start":{"line":49,"column":6},"end":{"line":49,"column":30}},"20":{"start":{"line":51,"column":6},"end":{"line":51,"column":18}},"21":{"start":{"line":56,"column":0},"end":{"line":56,"column":37}}},"fnMap":{"0":{"name":"(anonymous_17)","decl":{"start":{"line":12,"column":8},"end":{"line":12,"column":24}},"loc":{"start":{"line":12,"column":101},"end":{"line":53,"column":null}}}},"branchMap":{"0":{"loc":{"start":{"line":15,"column":6},"end":{"line":17,"column":7}},"type":"if","locations":[{"start":{"line":15,"column":6},"end":{"line":17,"column":7}}]},"1":{"loc":{"start":{"line":18,"column":6},"end":{"line":20,"column":7}},"type":"if","locations":[{"start":{"line":18,"column":6},"end":{"line":20,"column":7}}]}},"s":{"0":0,"1":0,"2":0,"3":0,"4":0,"5":0,"6":0,"7":0,"8":0,"9":0,"10":0,"11":0,"12":0,"13":0,"14":0,"15":0,"16":0,"17":0,"18":0,"19":0,"20":0,"21":0},"f":{"0":0},"b":{"0":[0],"1":[0]}}
,"C:\\Users\\DELL\\OneDrive\\Máy tính\\test case\\library-management-be\\src\\controllers\\fine-controller.ts": {"path":"C:\\Users\\DELL\\OneDrive\\Máy tính\\test case\\library-management-be\\src\\controllers\\fine-controller.ts","statementMap":{"0":{"start":{"line":4,"column":0},"end":{"line":4,"column":89}},"1":{"start":{"line":5,"column":0},"end":{"line":5,"column":55}},"2":{"start":{"line":6,"column":0},"end":{"line":6,"column":55}},"3":{"start":{"line":7,"column":0},"end":{"line":7,"column":40}},"4":{"start":{"line":8,"column":0},"end":{"line":8,"column":43}},"5":{"start":{"line":12,"column":4},"end":{"line":38,"column":5}},"6":{"start":{"line":13,"column":41},"end":{"line":13,"column":66}},"7":{"start":{"line":14,"column":24},"end":{"line":14,"column":38}},"8":{"start":{"line":18,"column":6},"end":{"line":19,"column":55}},"9":{"start":{"line":18,"column":33},"end":{"line":18,"column":52}},"10":{"start":{"line":19,"column":11},"end":{"line":19,"column":55}},"11":{"start":{"line":19,"column":37},"end":{"line":19,"column":55}},"12":{"start":{"line":22,"column":32},"end":{"line":22,"column":34}},"13":{"start":{"line":23,"column":6},"end":{"line":27,"column":7}},"14":{"start":{"line":24,"column":30},"end":{"line":24,"column":119}},"15":{"start":{"line":25,"column":24},"end":{"line":25,"column":61}},"16":{"start":{"line":25,"column":52},"end":{"line":25,"column":60}},"17":{"start":{"line":26,"column":8},"end":{"line":26,"column":45}},"18":{"start":{"line":29,"column":6},"end":{"line":31,"column":7}},"19":{"start":{"line":30,"column":8},"end":{"line":30,"column":39}},"20":{"start":{"line":32,"column":25},"end":{"line":32,"column":62}},"21":{"start":{"line":33,"column":20},"end":{"line":33,"column":89}},"22":{"start":{"line":35,"column":6},"end":{"line":35,"column":80}},"23":{"start":{"line":37,"column":6},"end":{"line":37,"column":18}},"24":{"start":{"line":42,"column":4},"end":{"line":66,"column":5}},"25":{"start":{"line":43,"column":25},"end":{"line":43,"column":35}},"26":{"start":{"line":44,"column":26},"end":{"line":44,"column":50}},"27":{"start":{"line":46,"column":26},"end":{"line":56,"column":null}},"28":{"start":{"line":59,"column":6},"end":{"line":61,"column":7}},"29":{"start":{"line":60,"column":8},"end":{"line":60,"column":83}},"30":{"start":{"line":63,"column":6},"end":{"line":63,"column":87}},"31":{"start":{"line":65,"column":6},"end":{"line":65,"column":16}},"32":{"start":{"line":70,"column":0},"end":{"line":70,"column":36}}},"fnMap":{"0":{"name":"(anonymous_8)","decl":{"start":{"line":11,"column":8},"end":{"line":11,"column":16}},"loc":{"start":{"line":11,"column":100},"end":{"line":39,"column":null}}},"1":{"name":"(anonymous_10)","decl":{"start":{"line":25,"column":42},"end":{"line":25,"column":43}},"loc":{"start":{"line":25,"column":52},"end":{"line":25,"column":60}}},"2":{"name":"(anonymous_11)","decl":{"start":{"line":41,"column":8},"end":{"line":41,"column":15}},"loc":{"start":{"line":41,"column":100},"end":{"line":67,"column":null}}}},"branchMap":{"0":{"loc":{"start":{"line":18,"column":6},"end":{"line":19,"column":55}},"type":"if","locations":[{"start":{"line":18,"column":6},"end":{"line":19,"column":55}},{"start":{"line":19,"column":11},"end":{"line":19,"column":55}}]},"1":{"loc":{"start":{"line":19,"column":11},"end":{"line":19,"column":55}},"type":"if","locations":[{"start":{"line":19,"column":11},"end":{"line":19,"column":55}}]},"2":{"loc":{"start":{"line":23,"column":6},"end":{"line":27,"column":7}},"type":"if","locations":[{"start":{"line":23,"column":6},"end":{"line":27,"column":7}}]},"3":{"loc":{"start":{"line":29,"column":6},"end":{"line":31,"column":7}},"type":"if","locations":[{"start":{"line":29,"column":6},"end":{"line":31,"column":7}}]},"4":{"loc":{"start":{"line":59,"column":6},"end":{"line":61,"column":7}},"type":"if","locations":[{"start":{"line":59,"column":6},"end":{"line":61,"column":7}}]}},"s":{"0":0,"1":0,"2":0,"3":0,"4":0,"5":0,"6":0,"7":0,"8":0,"9":0,"10":0,"11":0,"12":0,"13":0,"14":0,"15":0,"16":0,"17":0,"18":0,"19":0,"20":0,"21":0,"22":0,"23":0,"24":0,"25":0,"26":0,"27":0,"28":0,"29":0,"30":0,"31":0,"32":0},"f":{"0":0,"1":0,"2":0},"b":{"0":[0,0],"1":[0],"2":[0],"3":[0],"4":[0]}}
,"C:\\Users\\DELL\\OneDrive\\Máy tính\\test case\\library-management-be\\src\\controllers\\message-controller.ts": {"path":"C:\\Users\\DELL\\OneDrive\\Máy tính\\test case\\library-management-be\\src\\controllers\\message-controller.ts","statementMap":{"0":{"start":{"line":2,"column":0},"end":{"line":2,"column":56}},"1":{"start":{"line":3,"column":0},"end":{"line":3,"column":46}},"2":{"start":{"line":4,"column":0},"end":{"line":4,"column":74}},"3":{"start":{"line":5,"column":0},"end":{"line":5,"column":43}},"4":{"start":{"line":6,"column":0},"end":{"line":6,"column":37}},"5":{"start":{"line":7,"column":0},"end":{"line":7,"column":49}},"6":{"start":{"line":12,"column":4},"end":{"line":34,"column":5}},"7":{"start":{"line":13,"column":30},"end":{"line":13,"column":38}},"8":{"start":{"line":14,"column":23},"end":{"line":14,"column":47}},"9":{"start":{"line":16,"column":25},"end":{"line":18,"column":8}},"10":{"start":{"line":20,"column":6},"end":{"line":22,"column":7}},"11":{"start":{"line":21,"column":8},"end":{"line":21,"column":90}},"12":{"start":{"line":24,"column":6},"end":{"line":27,"column":9}},"13":{"start":{"line":29,"column":6},"end":{"line":29,"column":32}},"14":{"start":{"line":31,"column":6},"end":{"line":31,"column":92}},"15":{"start":{"line":33,"column":6},"end":{"line":33,"column":18}},"16":{"start":{"line":38,"column":4},"end":{"line":81,"column":5}},"17":{"start":{"line":39,"column":39},"end":{"line":39,"column":47}},"18":{"start":{"line":40,"column":23},"end":{"line":40,"column":47}},"19":{"start":{"line":42,"column":25},"end":{"line":44,"column":8}},"20":{"start":{"line":46,"column":6},"end":{"line":55,"column":7}},"21":{"start":{"line":47,"column":8},"end":{"line":53,"column":11}},"22":{"start":{"line":54,"column":8},"end":{"line":54,"column":34}},"23":{"start":{"line":57,"column":25},"end":{"line":61,"column":8}},"24":{"start":{"line":63,"column":6},"end":{"line":71,"column":9}},"25":{"start":{"line":73,"column":17},"end":{"line":73,"column":37}},"26":{"start":{"line":74,"column":32},"end":{"line":74,"column":65}},"27":{"start":{"line":76,"column":6},"end":{"line":76,"column":97}},"28":{"start":{"line":76,"column":29},"end":{"line":76,"column":97}},"29":{"start":{"line":78,"column":6},"end":{"line":78,"column":60}},"30":{"start":{"line":80,"column":6},"end":{"line":80,"column":18}},"31":{"start":{"line":85,"column":28},"end":{"line":85,"column":38}},"32":{"start":{"line":86,"column":19},"end":{"line":86,"column":43}},"33":{"start":{"line":87,"column":4},"end":{"line":105,"column":5}},"34":{"start":{"line":88,"column":27},"end":{"line":90,"column":8}},"35":{"start":{"line":92,"column":6},"end":{"line":96,"column":7}},"36":{"start":{"line":93,"column":8},"end":{"line":95,"column":10}},"37":{"start":{"line":98,"column":23},"end":{"line":100,"column":31}},"38":{"start":{"line":102,"column":6},"end":{"line":102,"column":58}},"39":{"start":{"line":104,"column":6},"end":{"line":104,"column":18}},"40":{"start":{"line":110,"column":21},"end":{"line":110,"column":45}},"41":{"start":{"line":111,"column":6},"end":{"line":128,"column":7}},"42":{"start":{"line":112,"column":30},"end":{"line":117,"column":10}},"43":{"start":{"line":120,"column":8},"end":{"line":124,"column":11}},"44":{"start":{"line":121,"column":10},"end":{"line":123,"column":12}},"45":{"start":{"line":122,"column":29},"end":{"line":122,"column":77}},"46":{"start":{"line":125,"column":8},"end":{"line":125,"column":65}},"47":{"start":{"line":127,"column":8},"end":{"line":127,"column":20}},"48":{"start":{"line":133,"column":0},"end":{"line":133,"column":39}}},"fnMap":{"0":{"name":"(anonymous_8)","decl":{"start":{"line":11,"column":8},"end":{"line":11,"column":26}},"loc":{"start":{"line":11,"column":107},"end":{"line":35,"column":null}}},"1":{"name":"(anonymous_10)","decl":{"start":{"line":37,"column":8},"end":{"line":37,"column":19}},"loc":{"start":{"line":37,"column":93},"end":{"line":82,"column":null}}},"2":{"name":"(anonymous_12)","decl":{"start":{"line":84,"column":8},"end":{"line":84,"column":19}},"loc":{"start":{"line":84,"column":67},"end":{"line":106,"column":null}}},"3":{"name":"(anonymous_14)","decl":{"start":{"line":108,"column":8},"end":{"line":108,"column":24}},"loc":{"start":{"line":108,"column":72},"end":{"line":130,"column":null}}},"4":{"name":"(anonymous_16)","decl":{"start":{"line":120,"column":30},"end":{"line":120,"column":31}},"loc":{"start":{"line":120,"column":47},"end":{"line":124,"column":9}}},"5":{"name":"(anonymous_17)","decl":{"start":{"line":122,"column":12},"end":{"line":122,"column":13}},"loc":{"start":{"line":122,"column":29},"end":{"line":122,"column":77}}}},"branchMap":{"0":{"loc":{"start":{"line":20,"column":6},"end":{"line":22,"column":7}},"type":"if","locations":[{"start":{"line":20,"column":6},"end":{"line":22,"column":7}}]},"1":{"loc":{"start":{"line":46,"column":6},"end":{"line":55,"column":7}},"type":"if","locations":[{"start":{"line":46,"column":6},"end":{"line":55,"column":7}}]},"2":{"loc":{"start":{"line":76,"column":6},"end":{"line":76,"column":97}},"type":"if","locations":[{"start":{"line":76,"column":6},"end":{"line":76,"column":97}}]},"3":{"loc":{"start":{"line":92,"column":6},"end":{"line":96,"column":7}},"type":"if","locations":[{"start":{"line":92,"column":6},"end":{"line":96,"column":7}}]}},"s":{"0":0,"1":0,"2":0,"3":0,"4":0,"5":0,"6":0,"7":0,"8":0,"9":0,"10":0,"11":0,"12":0,"13":0,"14":0,"15":0,"16":0,"17":0,"18":0,"19":0,"20":0,"21":0,"22":0,"23":0,"24":0,"25":0,"26":0,"27":0,"28":0,"29":0,"30":0,"31":0,"32":0,"33":0,"34":0,"35":0,"36":0,"37":0,"38":0,"39":0,"40":0,"41":0,"42":0,"43":0,"44":0,"45":0,"46":0,"47":0,"48":0},"f":{"0":0,"1":0,"2":0,"3":0,"4":0,"5":0},"b":{"0":[0],"1":[0],"2":[0],"3":[0]}}
,"C:\\Users\\DELL\\OneDrive\\Máy tính\\test case\\library-management-be\\src\\controllers\\upload-controller.ts": {"path":"C:\\Users\\DELL\\OneDrive\\Máy tính\\test case\\library-management-be\\src\\controllers\\upload-controller.ts","statementMap":{"0":{"start":{"line":2,"column":0},"end":{"line":2,"column":55}},"1":{"start":{"line":3,"column":0},"end":{"line":3,"column":43}},"2":{"start":{"line":4,"column":0},"end":{"line":4,"column":49}},"3":{"start":{"line":5,"column":0},"end":{"line":5,"column":42}},"4":{"start":{"line":9,"column":4},"end":{"line":24,"column":5}},"5":{"start":{"line":10,"column":19},"end":{"line":10,"column":64}},"6":{"start":{"line":12,"column":6},"end":{"line":13,"column":103}},"7":{"start":{"line":13,"column":8},"end":{"line":13,"column":103}},"8":{"start":{"line":14,"column":6},"end":{"line":14,"column":38}},"9":{"start":{"line":15,"column":6},"end":{"line":15,"column":24}},"10":{"start":{"line":17,"column":6},"end":{"line":21,"column":8}},"11":{"start":{"line":23,"column":6},"end":{"line":23,"column":18}},"12":{"start":{"line":28,"column":13},"end":{"line":28,"column":55}}},"fnMap":{"0":{"name":"(anonymous_7)","decl":{"start":{"line":8,"column":8},"end":{"line":8,"column":28}},"loc":{"start":{"line":8,"column":96},"end":{"line":25,"column":null}}}},"branchMap":{"0":{"loc":{"start":{"line":12,"column":6},"end":{"line":13,"column":103}},"type":"if","locations":[{"start":{"line":12,"column":6},"end":{"line":13,"column":103}}]},"1":{"loc":{"start":{"line":12,"column":11},"end":{"line":12,"column":25}},"type":"cond-expr","locations":[{"start":{"line":12,"column":19},"end":{"line":12,"column":21}},{"start":{"line":12,"column":19},"end":{"line":12,"column":25}}]},"2":{"loc":{"start":{"line":12,"column":11},"end":{"line":12,"column":21}},"type":"binary-expr","locations":[{"start":{"line":12,"column":11},"end":{"line":12,"column":21}},{"start":{"line":12,"column":19},"end":{"line":12,"column":21}}]}},"s":{"0":0,"1":0,"2":0,"3":0,"4":0,"5":0,"6":0,"7":0,"8":0,"9":0,"10":0,"11":0,"12":0},"f":{"0":0},"b":{"0":[0],"1":[0,0],"2":[0,0]}}
[...]
,"C:\\Users\\DELL\\OneDrive\\Máy tính\\test case\\library-management-be\\src\\socket\\namespaces\\chatNamespace.ts": {"path":"C:\\Users\\DELL\\OneDrive\\Máy tính\\test case\\library-management-be\\src\\socket\\namespaces\\chatNamespace.ts","statementMap":{"0":{"start":{"line":2,"column":0},"end":{"line":2,"column":49}},"1":{"start":{"line":3,"column":0},"end":{"line":3,"column":59}},"2":{"start":{"line":4,"column":0},"end":{"line":4,"column":52}},"3":{"start":{"line":7,"column":23},"end":{"line":7,"column":40}},"4":{"start":{"line":10,"column":37},"end":{"line":10,"column":39}},"5":{"start":{"line":12,"column":36},"end":{"line":14,"column":1}},"6":{"start":{"line":13,"column":2},"end":{"line":13,"column":36}},"7":{"start":{"line":12,"column":13},"end":{"line":12,"column":36}},"8":{"start":{"line":16,"column":22},"end":{"line":53,"column":1}},"9":{"start":{"line":17,"column":15},"end":{"line":17,"column":29}},"10":{"start":{"line":18,"column":2},"end":{"line":18,"column":23}},"11":{"start":{"line":20,"column":2},"end":{"line":52,"column":5}},"12":{"start":{"line":21,"column":19},"end":{"line":21,"column":44}},"13":{"start":{"line":22,"column":4},"end":{"line":22,"column":76}},"14":{"start":{"line":22,"column":42},"end":{"line":22,"column":76}},"15":{"start":{"line":24,"column":4},"end":{"line":28,"column":5}},"16":{"start":{"line":25,"column":6},"end":{"line":25,"column":40}},"17":{"start":{"line":26,"column":26},"end":{"line":26,"column":52}},"18":{"start":{"line":27,"column":6},"end":{"line":27,"column":44}},"19":{"start":{"line":30,"column":4},"end":{"line":44,"column":7}},"20":{"start":{"line":30,"column":117},"end":{"line":44,"column":6}},"21":{"start":{"line":31,"column":6},"end":{"line":43,"column":7}},"22":{"start":{"line":32,"column":8},"end":{"line":32,"column":108}},"23":{"start":{"line":34,"column":36},"end":{"line":37,"column":null}},"24":{"start":{"line":40,"column":8},"end":{"line":40,"column":112}},"25":{"start":{"line":40,"column":35},"end":{"line":40,"column":112}},"26":{"start":{"line":42,"column":8},"end":{"line":42,"column":64}},"27":{"start":{"line":46,"column":4},"end":{"line":51,"column":7}},"28":{"start":{"line":47,"column":6},"end":{"line":50,"column":7}},"29":{"start":{"line":48,"column":8},"end":{"line":48,"column":37}},"30":{"start":{"line":49,"column":8},"end":{"line":49,"column":61}},"31":{"start":{"line":55,"column":0},"end":{"line":55,"column":29}}},"fnMap":{"0":{"name":"(anonymous_8)","decl":{"start":{"line":12,"column":36},"end":{"line":12,"column":37}},"loc":{"start":{"line":12,"column":80},"end":{"line":14,"column":1}}},"1":{"name":"(anonymous_9)","decl":{"start":{"line":16,"column":22},"end":{"line":16,"column":23}},"loc":{"start":{"line":16,"column":37},"end":{"line":53,"column":1}}},"2":{"name":"(anonymous_10)","decl":{"start":{"line":20,"column":24},"end":{"line":20,"column":25}},"loc":{"start":{"line":20,"column":43},"end":{"line":52,"column":3}}},"3":{"name":"(anonymous_11)","decl":{"start":{"line":30,"column":36},"end":{"line":30,"column":43}},"loc":{"start":{"line":30,"column":117},"end":{"line":44,"column":6}}},"4":{"name":"(anonymous_12)","decl":{"start":{"line":30,"column":117},"end":{"line":30,"column":null}},"loc":{"start":{"line":30,"column":113},"end":{"line":44,"column":5}}},"5":{"name":"(anonymous_13)","decl":{"start":{"line":46,"column":28},"end":{"line":46,"column":31}},"loc":{"start":{"line":46,"column":33},"end":{"line":51,"column":5}}}},"branchMap":{"0":{"loc":{"start":{"line":22,"column":4},"end":{"line":22,"column":76}},"type":"if","locations":[{"start":{"line":22,"column":4},"end":{"line":22,"column":76}}]},"1":{"loc":{"start":{"line":22,"column":8},"end":{"line":22,"column":40}},"type":"binary-expr","locations":[{"start":{"line":22,"column":8},"end":{"line":22,"column":14}},{"start":{"line":22,"column":18},"end":{"line":22,"column":40}}]},"2":{"loc":{"start":{"line":24,"column":4},"end":{"line":28,"column":5}},"type":"if","locations":[{"start":{"line":24,"column":4},"end":{"line":28,"column":5}}]},"3":{"loc":{"start":{"line":24,"column":8},"end":{"line":24,"column":40}},"type":"binary-expr","locations":[{"start":{"line":24,"column":8},"end":{"line":24,"column":14}},{"start":{"line":24,"column":18},"end":{"line":24,"column":40}}]},"4":{"loc":{"start":{"line":40,"column":8},"end":{"line":40,"column":112}},"type":"if","locations":[{"start":{"line":40,"column":8},"end":{"line":40,"column":112}}]},"5":{"loc":{"start":{"line":47,"column":6},"end":{"line":50,"column":7}},"type":"if","locations":[{"start":{"line":47,"column":6},"end":{"line":50,"column":7}}]}},"s":{"0":0,"1":0,"2":0,"3":0,"4":0,"5":0,"6":0,"7":0,"8":0,"9":0,"10":0,"11":0,"12":0,"13":0,"14":0,"15":0,"16":0,"17":0,"18":0,"19":0,"20":0,"21":0,"22":0,"23":0,"24":0,"25":0,"26":0,"27":0,"28":0,"29":0,"30":0,"31":0},"f":{"0":0,"1":0,"2":0,"3":0,"4":0,"5":0},"b":{"0":[0],"1":[0,0],"2":[0],"3":[0,0],"4":[0],"5":[0]}}
,"C:\\Users\\DELL\\OneDrive\\Máy tính\\test case\\library-management-be\\src\\utils\\utils.ts": {"path":"C:\\Users\\DELL\\OneDrive\\Máy tính\\test case\\library-management-be\\src\\utils\\utils.ts","statementMap":{"0":{"start":{"line":37,"column":0},"end":{"line":37,"column":16}},"1":{"start":{"line":57,"column":0},"end":{"line":57,"column":16}},"2":{"start":{"line":1,"column":0},"end":{"line":1,"column":28}},"3":{"start":{"line":2,"column":0},"end":{"line":2,"column":26}},"4":{"start":{"line":7,"column":0},"end":{"line":7,"column":20}},"5":{"start":{"line":9,"column":39},"end":{"line":23,"column":1}},"6":{"start":{"line":10,"column":15},"end":{"line":10,"column":32}},"7":{"start":{"line":12,"column":2},"end":{"line":14,"column":3}},"8":{"start":{"line":13,"column":4},"end":{"line":13,"column":31}},"9":{"start":{"line":16,"column":14},"end":{"line":16,"column":22}},"10":{"start":{"line":17,"column":20},"end":{"line":17,"column":43}},"11":{"start":{"line":19,"column":2},"end":{"line":21,"column":3}},"12":{"start":{"line":20,"column":4},"end":{"line":20,"column":37}},"13":{"start":{"line":22,"column":2},"end":{"line":22,"column":24}},"14":{"start":{"line":9,"column":13},"end":{"line":9,"column":39}},"15":{"start":{"line":25,"column":31},"end":{"line":28,"column":null}},"16":{"start":{"line":25,"column":81},"end":{"line":28,"column":null}},"17":{"start":{"line":25,"column":13},"end":{"line":25,"column":31}},"18":{"start":{"line":31,"column":29},"end":{"line":34,"column":null}},"19":{"start":{"line":31,"column":85},"end":{"line":34,"column":null}},"20":{"start":{"line":31,"column":13},"end":{"line":31,"column":29}},"21":{"start":{"line":44,"column":21},"end":{"line":44,"column":53}},"22":{"start":{"line":45,"column":2},"end":{"line":53,"column":4}},"23":{"start":{"line":58,"column":15},"end":{"line":58,"column":54}},"24":{"start":{"line":59,"column":19},"end":{"line":59,"column":63}},"25":{"start":{"line":60,"column":17},"end":{"line":60,"column":59}},"26":{"start":{"line":62,"column":2},"end":{"line":62,"column":36}}},"fnMap":{"0":{"name":"(anonymous_1)","decl":{"start":{"line":9,"column":39},"end":{"line":9,"column":40}},"loc":{"start":{"line":9,"column":76},"end":{"line":23,"column":1}}},"1":{"name":"(anonymous_2)","decl":{"start":{"line":25,"column":31},"end":{"line":25,"column":35}},"loc":{"start":{"line":25,"column":81},"end":{"line":28,"column":null}}},"2":{"name":"(anonymous_3)","decl":{"start":{"line":31,"column":29},"end":{"line":31,"column":39}},"loc":{"start":{"line":31,"column":85},"end":{"line":34,"column":null}}},"3":{"name":"paginateResponse","decl":{"start":{"line":37,"column":16},"end":{"line":37,"column":32}},"loc":{"start":{"line":42,"column":38},"end":{"line":54,"column":1}}},"4":{"name":"parsePaginationQuery","decl":{"start":{"line":57,"column":16},"end":{"line":57,"column":36}},"loc":{"start":{"line":57,"column":69},"end":{"line":63,"column":1}}}},"branchMap":{"0":{"loc":{"start":{"line":12,"column":2},"end":{"line":14,"column":3}},"type":"if","locations":[{"start":{"line":12,"column":2},"end":{"line":14,"column":3}}]},"1":{"loc":{"start":{"line":19,"column":2},"end":{"line":21,"column":3}},"type":"if","locations":[{"start":{"line":19,"column":2},"end":{"line":21,"column":3}}]},"2":{"loc":{"start":{"line":28,"column":6},"end":{"line":28,"column":36}},"type":"binary-expr","locations":[{"start":{"line":28,"column":6},"end":{"line":28,"column":24}},{"start":{"line":28,"column":28},"end":{"line":28,"column":36}}]},"3":{"loc":{"start":{"line":34,"column":6},"end":{"line":34,"column":36}},"type":"binary-expr","locations":[{"start":{"line":34,"column":6},"end":{"line":34,"column":24}},{"start":{"line":34,"column":28},"end":{"line":34,"column":36}}]},"4":{"loc":{"start":{"line":42,"column":2},"end":{"line":42,"column":38}},"type":"default-arg","locations":[{"start":{"line":42,"column":12},"end":{"line":42,"column":38}}]},"5":{"loc":{"start":{"line":58,"column":15},"end":{"line":58,"column":54}},"type":"binary-expr","locations":[{"start":{"line":58,"column":15},"end":{"line":58,"column":49}},{"start":{"line":58,"column":53},"end":{"line":58,"column":54}}]},"6":{"loc":{"start":{"line":59,"column":19},"end":{"line":59,"column":63}},"type":"binary-expr","locations":[{"start":{"line":59,"column":19},"end":{"line":59,"column":57}},{"start":{"line":59,"column":61},"end":{"line":59,"column":63}}]},"7":{"loc":{"start":{"line":60,"column":17},"end":{"line":60,"column":59}},"type":"binary-expr","locations":[{"start":{"line":60,"column":17},"end":{"line":60,"column":53}},{"start":{"line":60,"column":57},"end":{"line":60,"column":59}}]},"8":{"loc":{"start":{"line":60,"column":17},"end":{"line":60,"column":53}},"type":"cond-expr","locations":[{"start":{"line":60,"column":45},"end":{"line":60,"column":47}},{"start":{"line":60,"column":45},"end":{"line":60,"column":53}}]},"9":{"loc":{"start":{"line":60,"column":17},"end":{"line":60,"column":47}},"type":"binary-expr","locations":[{"start":{"line":60,"column":17},"end":{"line":60,"column":47}},{"start":{"line":60,"column":45},"end":{"line":60,"column":47}}]}},"s":{"0":1,"1":1,"2":1,"3":1,"4":1,"5":1,"6":0,"7":0,"8":0,"9":0,"10":0,"11":0,"12":0,"13":0,"14":1,"15":1,"16":0,"17":1,"18":1,"19":0,"20":1,"21":0,"22":0,"23":0,"24":0,"25":0,"26":0},"f":{"0":0,"1":0,"2":0,"3":0,"4":0},"b":{"0":[0],"1":[0],"2":[0,0],"3":[0,0],"4":[0],"5":[0,0],"6":[0,0],"7":[0,0],"8":[0,0],"9":[0,0]}}
,"C:\\Users\\DELL\\OneDrive\\Máy tính\\test case\\library-management-be\\src\\validate-schemas\\create-author-schema.ts": {"path":"C:\\Users\\DELL\\OneDrive\\Máy tính\\test case\\library-management-be\\src\\validate-schemas\\create-author-schema.ts","statementMap":{"0":{"start":{"line":1,"column":0},"end":{"line":1,"column":22}},"1":{"start":{"line":3,"column":13},"end":{"line":20,"column":3}}},"fnMap":{},"branchMap":{},"s":{"0":0,"1":0},"f":{},"b":{}}
,"C:\\Users\\DELL\\OneDrive\\Máy tính\\test case\\library-management-be\\src\\validate-schemas\\create-book-schema.ts": {"path":"C:\\Users\\DELL\\OneDrive\\Máy tính\\test case\\library-management-be\\src\\validate-schemas\\create-book-schema.ts","statementMap":{"0":{"start":{"line":1,"column":0},"end":{"line":1,"column":22}},"1":{"start":{"line":3,"column":13},"end":{"line":50,"column":3}}},"fnMap":{},"branchMap":{},"s":{"0":0,"1":0},"f":{},"b":{}}
,"C:\\Users\\DELL\\OneDrive\\Máy tính\\test case\\library-management-be\\src\\validate-schemas\\create-borrow-record-schema.ts": {"path":"C:\\Users\\DELL\\OneDrive\\Máy tính\\test case\\library-management-be\\src\\validate-schemas\\create-borrow-record-schema.ts","statementMap":{"0":{"start":{"line":1,"column":0},"end":{"line":1,"column":22}},"1":{"start":{"line":3,"column":13},"end":{"line":17,"column":3}}},"fnMap":{},"branchMap":{},"s":{"0":0,"1":0},"f":{},"b":{}}
,"C:\\Users\\DELL\\OneDrive\\Máy tính\\test case\\library-management-be\\src\\validate-schemas\\create-comment-schema.ts": {"path":"C:\\Users\\DELL\\OneDrive\\Máy tính\\test case\\library-management-be\\src\\validate-schemas\\create-comment-schema.ts","statementMap":{"0":{"start":{"line":1,"column":0},"end":{"line":1,"column":22}},"1":{"start":{"line":3,"column":13},"end":{"line":17,"column":3}}},"fnMap":{},"branchMap":{},"s":{"0":0,"1":0},"f":{},"b":{}}
,"C:\\Users\\DELL\\OneDrive\\Máy tính\\test case\\library-management-be\\src\\validate-schemas\\create-conversation-schema.ts": {"path":"C:\\Users\\DELL\\OneDrive\\Máy tính\\test case\\library-management-be\\src\\validate-schemas\\create-conversation-schema.ts","statementMap":{"0":{"start":{"line":1,"column":0},"end":{"line":1,"column":22}},"1":{"start":{"line":3,"column":13},"end":{"line":8,"column":3}}},"fnMap":{},"branchMap":{},"s":{"0":0,"1":0},"f":{},"b":{}}
,"C:\\Users\\DELL\\OneDrive\\Máy tính\\test case\\library-management-be\\src\\validate-schemas\\create-user-schema.ts": {"path":"C:\\Users\\DELL\\OneDrive\\Máy tính\\test case\\library-management-be\\src\\validate-schemas\\create-user-schema.ts","statementMap":{"0":{"start":{"line":1,"column":0},"end":{"line":1,"column":32}},"1":{"start":{"line":3,"column":13},"end":{"line":17,"column":3}}},"fnMap":{},"branchMap":{},"s":{"0":0,"1":0},"f":{},"b":{}}
,"C:\\Users\\DELL\\OneDrive\\Máy tính\\test case\\library-management-be\\src\\validate-schemas\\login-schema.ts": {"path":"C:\\Users\\DELL\\OneDrive\\Máy tính\\test case\\library-management-be\\src\\validate-schemas\\login-schema.ts","statementMap":{"0":{"start":{"line":1,"column":0},"end":{"line":1,"column":22}},"1":{"start":{"line":3,"column":13},"end":{"line":13,"column":3}}},"fnMap":{},"branchMap":{},"s":{"0":0,"1":0},"f":{},"b":{}}
,"C:\\Users\\DELL\\OneDrive\\Máy tính\\test case\\library-management-be\\src\\validate-schemas\\logout-schema.ts": {"path":"C:\\Users\\DELL\\OneDrive\\Máy tính\\test case\\library-management-be\\src\\validate-schemas\\logout-schema.ts","statementMap":{"0":{"start":{"line":1,"column":0},"end":{"line":1,"column":22}},"1":{"start":{"line":3,"column":13},"end":{"line":8,"column":3}}},"fnMap":{},"branchMap":{},"s":{"0":0,"1":0},"f":{},"b":{}}
,"C:\\Users\\DELL\\OneDrive\\Máy tính\\test case\\library-management-be\\src\\validate-schemas\\pay-fine-schema.ts": {"path":"C:\\Users\\DELL\\OneDrive\\Máy tính\\test case\\library-management-be\\src\\validate-schemas\\pay-fine-schema.ts","statementMap":{"0":{"start":{"line":1,"column":0},"end":{"line":1,"column":22}},"1":{"start":{"line":3,"column":13},"end":{"line":14,"column":3}}},"fnMap":{},"branchMap":{},"s":{"0":0,"1":0},"f":{},"b":{}}
,"C:\\Users\\DELL\\OneDrive\\Máy tính\\test case\\library-management-be\\src\\validate-schemas\\promote-user-schema.ts": {"path":"C:\\Users\\DELL\\OneDrive\\Máy tính\\test case\\library-management-be\\src\\validate-schemas\\promote-user-schema.ts","statementMap":{"0":{"start":{"line":1,"column":0},"end":{"line":1,"column":22}},"1":{"start":{"line":3,"column":13},"end":{"line":9,"column":3}}},"fnMap":{},"branchMap":{},"s":{"0":0,"1":0},"f":{},"b":{}}
,"C:\\Users\\DELL\\OneDrive\\Máy tính\\test case\\library-management-be\\src\\validate-schemas\\refresh-token-schema.ts": {"path":"C:\\Users\\DELL\\OneDrive\\Máy tính\\test case\\library-management-be\\src\\validate-schemas\\refresh-token-schema.ts","statementMap":{"0":{"start":{"line":1,"column":0},"end":{"line":1,"column":22}},"1":{"start":{"line":3,"column":13},"end":{"line":8,"column":3}}},"fnMap":{},"branchMap":{},"s":{"0":0,"1":0},"f":{},"b":{}}
,"C:\\Users\\DELL\\OneDrive\\Máy tính\\test case\\library-management-be\\src\\validate-schemas\\register-schema.ts": {"path":"C:\\Users\\DELL\\OneDrive\\Máy tính\\test case\\library-management-be\\src\\validate-schemas\\register-schema.ts","statementMap":{"0":{"start":{"line":1,"column":0},"end":{"line":1,"column":32}},"1":{"start":{"line":3,"column":13},"end":{"line":26,"column":3}}},"fnMap":{},"branchMap":{},"s":{"0":0,"1":0},"f":{},"b":{}}
,"C:\\Users\\DELL\\OneDrive\\Máy tính\\test case\\library-management-be\\src\\validate-schemas\\return-book-schema.ts": {"path":"C:\\Users\\DELL\\OneDrive\\Máy tính\\test case\\library-management-be\\src\\validate-schemas\\return-book-schema.ts","statementMap":{"0":{"start":{"line":1,"column":0},"end":{"line":1,"column":22}},"1":{"start":{"line":3,"column":13},"end":{"line":9,"column":3}}},"fnMap":{},"branchMap":{},"s":{"0":0,"1":0},"f":{},"b":{}}
,"C:\\Users\\DELL\\OneDrive\\Máy tính\\test case\\library-management-be\\src\\validate-schemas\\send-email-schema.ts": {"path":"C:\\Users\\DELL\\OneDrive\\Máy tính\\test case\\library-management-be\\src\\validate-schemas\\send-email-schema.ts","statementMap":{"0":{"start":{"line":1,"column":0},"end":{"line":1,"column":22}},"1":{"start":{"line":3,"column":13},"end":{"line":8,"column":3}}},"fnMap":{},"branchMap":{},"s":{"0":0,"1":0},"f":{},"b":{}}
,"C:\\Users\\DELL\\OneDrive\\Máy tính\\test case\\library-management-be\\src\\validate-schemas\\send-message-schema.ts": {"path":"C:\\Users\\DELL\\OneDrive\\Máy tính\\test case\\library-management-be\\src\\validate-schemas\\send-message-schema.ts","statementMap":{"0":{"start":{"line":1,"column":0},"end":{"line":1,"column":22}},"1":{"start":{"line":3,"column":13},"end":{"line":13,"column":3}}},"fnMap":{},"branchMap":{},"s":{"0":0,"1":0},"f":{},"b":{}}
,"C:\\Users\\DELL\\OneDrive\\Máy tính\\test case\\library-management-be\\src\\validate-schemas\\updat-book-schema.ts": {"path":"C:\\Users\\DELL\\OneDrive\\Máy tính\\test case\\library-management-be\\src\\validate-schemas\\updat-book-schema.ts","statementMap":{"0":{"start":{"line":1,"column":0},"end":{"line":1,"column":22}},"1":{"start":{"line":3,"column":13},"end":{"line":38,"column":3}}},"fnMap":{},"branchMap":{},"s":{"0":0,"1":0},"f":{},"b":{}}
,"C:\\Users\\DELL\\OneDrive\\Máy tính\\test case\\library-management-be\\src\\validate-schemas\\update-author-schema.ts": {"path":"C:\\Users\\DELL\\OneDrive\\Máy tính\\test case\\library-management-be\\src\\validate-schemas\\update-author-schema.ts","statementMap":{"0":{"start":{"line":1,"column":0},"end":{"line":1,"column":22}},"1":{"start":{"line":3,"column":13},"end":{"line":19,"column":3}}},"fnMap":{},"branchMap":{},"s":{"0":0,"1":0},"f":{},"b":{}}
,"C:\\Users\\DELL\\OneDrive\\Máy tính\\test case\\library-management-be\\src\\validate-schemas\\update-user-schema.ts": {"path":"C:\\Users\\DELL\\OneDrive\\Máy tính\\test case\\library-management-be\\src\\validate-schemas\\update-user-schema.ts","statementMap":{"0":{"start":{"line":1,"column":0},"end":{"line":1,"column":32}},"1":{"start":{"line":3,"column":13},"end":{"line":22,"column":3}}},"fnMap":{},"branchMap":{},"s":{"0":0,"1":0},"f":{},"b":{}}
,"C:\\Users\\DELL\\OneDrive\\Máy tính\\test case\\library-management-be\\src\\validate-schemas\\update-user-status-schema.ts": {"path":"C:\\Users\\DELL\\OneDrive\\Máy tính\\test case\\library-management-be\\src\\validate-schemas\\update-user-status-schema.ts","statementMap":{"0":{"start":{"line":1,"column":0},"end":{"line":1,"column":22}},"1":{"start":{"line":3,"column":13},"end":{"line":8,"column":3}}},"fnMap":{},"branchMap":{},"s":{"0":0,"1":0},"f":{},"b":{}}
}
